<!DOCTYPE html>
<html>
<head>
<meta http-equiv="Content-Type" content="text/html; charset=utf-8"/>
<meta http-equiv="x-ua-compatible" content="IE=edge"/>
<title>Test results - Class allcom_testng.tests.header.SearchBoxTests</title>
<link href="../css/base-style.css" rel="stylesheet" type="text/css"/>
<link href="../css/style.css" rel="stylesheet" type="text/css"/>
<script src="../js/report.js" type="text/javascript"></script>
</head>
<body>
<div id="content">
<h1>Class allcom_testng.tests.header.SearchBoxTests</h1>
<div class="breadcrumbs">
<a href="../index.html">all</a> &gt; 
<a href="../packages/allcom_testng.tests.header.html">allcom_testng.tests.header</a> &gt; SearchBoxTests</div>
<div id="summary">
<table>
<tr>
<td>
<div class="summaryGroup">
<table>
<tr>
<td>
<div class="infoBox" id="tests">
<div class="counter">78</div>
<p>tests</p>
</div>
</td>
<td>
<div class="infoBox" id="failures">
<div class="counter">7</div>
<p>failures</p>
</div>
</td>
<td>
<div class="infoBox" id="ignored">
<div class="counter">29</div>
<p>ignored</p>
</div>
</td>
<td>
<div class="infoBox" id="duration">
<div class="counter">42.060s</div>
<p>duration</p>
</div>
</td>
</tr>
</table>
</div>
</td>
<td>
<div class="infoBox failures" id="successRate">
<div class="percent">85%</div>
<p>successful</p>
</div>
</td>
</tr>
</table>
</div>
<div id="tabs">
<ul class="tabLinks">
<li>
<a href="#tab0">Failed tests</a>
</li>
<li>
<a href="#tab1">Tests</a>
</li>
<li>
<a href="#tab2">Standard output</a>
</li>
</ul>
<div id="tab0" class="tab">
<h2>Failed tests</h2>
<div class="test">
<a name="precondition"></a>
<h3 class="failures">precondition</h3>
<span class="code">
<pre>org.openqa.selenium.NoSuchWindowException: no such window: target window already closed
from unknown error: web view not found
  (Session info: chrome=121.0.6167.161)
Build info: version: '4.17.0', revision: 'e52b1be057*'
System info: os.name: 'Windows 11', os.arch: 'amd64', os.version: '10.0', java.version: '11.0.20'
Driver info: org.openqa.selenium.chrome.ChromeDriver
Command: [52a6f25921b2c21d074138a079296c9b, get {url=http://allcom.itvm.com.ua:5173}]
Capabilities {acceptInsecureCerts: false, browserName: chrome, browserVersion: 121.0.6167.161, chrome: {chromedriverVersion: 121.0.6167.85 (3f98d690ad7e..., userDataDir: C:\Users\PORTIS~1\AppData\L...}, fedcm:accounts: true, goog:chromeOptions: {debuggerAddress: localhost:55231}, networkConnectionEnabled: false, pageLoadStrategy: normal, platformName: windows, proxy: Proxy(), se:cdp: ws://localhost:55231/devtoo..., se:cdpVersion: 121.0.6167.161, setWindowRect: true, strictFileInteractability: false, timeouts: {implicit: 0, pageLoad: 300000, script: 30000}, unhandledPromptBehavior: dismiss and notify, webauthn:extension:credBlob: true, webauthn:extension:largeBlob: true, webauthn:extension:minPinLength: true, webauthn:extension:prf: true, webauthn:virtualAuthenticators: true}
Session ID: 52a6f25921b2c21d074138a079296c9b
	at java.base@11.0.20/jdk.internal.reflect.NativeConstructorAccessorImpl.newInstance0(Native Method)
	at java.base@11.0.20/jdk.internal.reflect.NativeConstructorAccessorImpl.newInstance(NativeConstructorAccessorImpl.java:62)
	at java.base@11.0.20/jdk.internal.reflect.DelegatingConstructorAccessorImpl.newInstance(DelegatingConstructorAccessorImpl.java:45)
	at java.base@11.0.20/java.lang.reflect.Constructor.newInstance(Constructor.java:490)
	at app//org.openqa.selenium.remote.codec.w3c.W3CHttpResponseCodec.createException(W3CHttpResponseCodec.java:185)
	at app//org.openqa.selenium.remote.codec.w3c.W3CHttpResponseCodec.decode(W3CHttpResponseCodec.java:134)
	at app//org.openqa.selenium.remote.codec.w3c.W3CHttpResponseCodec.decode(W3CHttpResponseCodec.java:51)
	at app//org.openqa.selenium.remote.HttpCommandExecutor.execute(HttpCommandExecutor.java:190)
	at app//org.openqa.selenium.remote.service.DriverCommandExecutor.invokeExecute(DriverCommandExecutor.java:216)
	at app//org.openqa.selenium.remote.service.DriverCommandExecutor.execute(DriverCommandExecutor.java:174)
	at app//org.openqa.selenium.remote.RemoteWebDriver.execute(RemoteWebDriver.java:519)
	at app//org.openqa.selenium.remote.RemoteWebDriver.get(RemoteWebDriver.java:301)
	at app//allcom_testng.pages.BasePage.goToPage(BasePage.java:96)
	at app//allcom_testng.tests.header.SearchBoxTests.precondition(SearchBoxTests.java:30)
	at jdk.internal.reflect.GeneratedMethodAccessor9.invoke(Unknown Source)
	at java.base@11.0.20/jdk.internal.reflect.DelegatingMethodAccessorImpl.invoke(DelegatingMethodAccessorImpl.java:43)
	at java.base@11.0.20/java.lang.reflect.Method.invoke(Method.java:566)
	at app//org.testng.internal.invokers.MethodInvocationHelper.invokeMethod(MethodInvocationHelper.java:139)
	at app//org.testng.internal.invokers.MethodInvocationHelper.invokeMethodConsideringTimeout(MethodInvocationHelper.java:69)
	at app//org.testng.internal.invokers.ConfigInvoker.invokeConfigurationMethod(ConfigInvoker.java:393)
	at app//org.testng.internal.invokers.ConfigInvoker.invokeConfigurations(ConfigInvoker.java:326)
	at app//org.testng.internal.invokers.TestInvoker.runConfigMethods(TestInvoker.java:810)
	at app//org.testng.internal.invokers.TestInvoker.invokeMethod(TestInvoker.java:578)
	at app//org.testng.internal.invokers.TestInvoker.invokeTestMethod(TestInvoker.java:228)
	at app//org.testng.internal.invokers.MethodRunner.runInSequence(MethodRunner.java:63)
	at app//org.testng.internal.invokers.TestInvoker$MethodInvocationAgent.invoke(TestInvoker.java:961)
	at app//org.testng.internal.invokers.TestInvoker.invokeTestMethods(TestInvoker.java:201)
	at app//org.testng.internal.invokers.TestMethodWorker.invokeTestMethods(TestMethodWorker.java:148)
	at app//org.testng.internal.invokers.TestMethodWorker.run(TestMethodWorker.java:128)
	at java.base@11.0.20/java.util.ArrayList.forEach(ArrayList.java:1541)
	at app//org.testng.TestRunner.privateRun(TestRunner.java:819)
	at app//org.testng.TestRunner.run(TestRunner.java:619)
	at app//org.testng.SuiteRunner.runTest(SuiteRunner.java:443)
	at app//org.testng.SuiteRunner.runSequentially(SuiteRunner.java:437)
	at app//org.testng.SuiteRunner.privateRun(SuiteRunner.java:397)
	at app//org.testng.SuiteRunner.run(SuiteRunner.java:336)
	at app//org.testng.SuiteRunnerWorker.runSuite(SuiteRunnerWorker.java:52)
	at app//org.testng.SuiteRunnerWorker.run(SuiteRunnerWorker.java:95)
	at app//org.testng.TestNG.runSuitesSequentially(TestNG.java:1301)
	at app//org.testng.TestNG.runSuitesLocally(TestNG.java:1228)
	at app//org.testng.TestNG.runSuites(TestNG.java:1134)
	at app//org.testng.TestNG.run(TestNG.java:1101)
	at org.gradle.api.internal.tasks.testing.testng.TestNGTestClassProcessor.runTests(TestNGTestClassProcessor.java:148)
	at org.gradle.api.internal.tasks.testing.testng.TestNGTestClassProcessor.stop(TestNGTestClassProcessor.java:95)
	at org.gradle.api.internal.tasks.testing.SuiteTestClassProcessor.stop(SuiteTestClassProcessor.java:62)
	at java.base@11.0.20/jdk.internal.reflect.NativeMethodAccessorImpl.invoke0(Native Method)
	at java.base@11.0.20/jdk.internal.reflect.NativeMethodAccessorImpl.invoke(NativeMethodAccessorImpl.java:62)
	at java.base@11.0.20/jdk.internal.reflect.DelegatingMethodAccessorImpl.invoke(DelegatingMethodAccessorImpl.java:43)
	at java.base@11.0.20/java.lang.reflect.Method.invoke(Method.java:566)
	at org.gradle.internal.dispatch.ReflectionDispatch.dispatch(ReflectionDispatch.java:36)
	at org.gradle.internal.dispatch.ReflectionDispatch.dispatch(ReflectionDispatch.java:24)
	at org.gradle.internal.dispatch.ContextClassLoaderDispatch.dispatch(ContextClassLoaderDispatch.java:33)
	at org.gradle.internal.dispatch.ProxyDispatchAdapter$DispatchingInvocationHandler.invoke(ProxyDispatchAdapter.java:94)
	at com.sun.proxy.$Proxy2.stop(Unknown Source)
	at org.gradle.api.internal.tasks.testing.worker.TestWorker$3.run(TestWorker.java:193)
	at org.gradle.api.internal.tasks.testing.worker.TestWorker.executeAndMaintainThreadName(TestWorker.java:129)
	at org.gradle.api.internal.tasks.testing.worker.TestWorker.execute(TestWorker.java:100)
	at org.gradle.api.internal.tasks.testing.worker.TestWorker.execute(TestWorker.java:60)
	at org.gradle.process.internal.worker.child.ActionExecutionWorker.execute(ActionExecutionWorker.java:56)
	at org.gradle.process.internal.worker.child.SystemApplicationClassLoaderWorker.call(SystemApplicationClassLoaderWorker.java:113)
	at org.gradle.process.internal.worker.child.SystemApplicationClassLoaderWorker.call(SystemApplicationClassLoaderWorker.java:65)
	at app//worker.org.gradle.process.internal.worker.GradleWorkerMain.run(GradleWorkerMain.java:69)
	at app//worker.org.gradle.process.internal.worker.GradleWorkerMain.main(GradleWorkerMain.java:74)
</pre>
</span>
</div>
<div class="test">
<a name="searchBoxIsPresentOnHighResolution"></a>
<h3 class="failures">searchBoxIsPresentOnHighResolution</h3>
<span class="code">
<pre>org.openqa.selenium.TimeoutException: Expected condition failed: waiting for element to be clickable: [[ChromeDriver: chrome on windows (52a6f25921b2c21d074138a079296c9b)] -&gt; class name: search__input] (tried for 5 second(s) with 500 milliseconds interval)
Build info: version: '4.17.0', revision: 'e52b1be057*'
System info: os.name: 'Windows 11', os.arch: 'amd64', os.version: '10.0', java.version: '11.0.20'
Driver info: org.openqa.selenium.chrome.ChromeDriver
Capabilities {acceptInsecureCerts: false, browserName: chrome, browserVersion: 121.0.6167.161, chrome: {chromedriverVersion: 121.0.6167.85 (3f98d690ad7e..., userDataDir: C:\Users\PORTIS~1\AppData\L...}, fedcm:accounts: true, goog:chromeOptions: {debuggerAddress: localhost:55231}, networkConnectionEnabled: false, pageLoadStrategy: normal, platformName: windows, proxy: Proxy(), se:cdp: ws://localhost:55231/devtoo..., se:cdpVersion: 121.0.6167.161, setWindowRect: true, strictFileInteractability: false, timeouts: {implicit: 0, pageLoad: 300000, script: 30000}, unhandledPromptBehavior: dismiss and notify, webauthn:extension:credBlob: true, webauthn:extension:largeBlob: true, webauthn:extension:minPinLength: true, webauthn:extension:prf: true, webauthn:virtualAuthenticators: true}
Session ID: 52a6f25921b2c21d074138a079296c9b
	at app//org.openqa.selenium.support.ui.WebDriverWait.timeoutException(WebDriverWait.java:84)
	at app//org.openqa.selenium.support.ui.FluentWait.until(FluentWait.java:228)
	at app//allcom_testng.tests.header.SearchBoxTests.searchBoxIsPresentOnHighResolution(SearchBoxTests.java:44)
	at java.base@11.0.20/jdk.internal.reflect.NativeMethodAccessorImpl.invoke0(Native Method)
	at java.base@11.0.20/jdk.internal.reflect.NativeMethodAccessorImpl.invoke(NativeMethodAccessorImpl.java:62)
	at java.base@11.0.20/jdk.internal.reflect.DelegatingMethodAccessorImpl.invoke(DelegatingMethodAccessorImpl.java:43)
	at java.base@11.0.20/java.lang.reflect.Method.invoke(Method.java:566)
	at app//org.testng.internal.invokers.MethodInvocationHelper.invokeMethod(MethodInvocationHelper.java:139)
	at app//org.testng.internal.invokers.TestInvoker.invokeMethod(TestInvoker.java:664)
	at app//org.testng.internal.invokers.TestInvoker.invokeTestMethod(TestInvoker.java:228)
	at app//org.testng.internal.invokers.MethodRunner.runInSequence(MethodRunner.java:63)
	at app//org.testng.internal.invokers.TestInvoker$MethodInvocationAgent.invoke(TestInvoker.java:961)
	at app//org.testng.internal.invokers.TestInvoker.invokeTestMethods(TestInvoker.java:201)
	at app//org.testng.internal.invokers.TestMethodWorker.invokeTestMethods(TestMethodWorker.java:148)
	at app//org.testng.internal.invokers.TestMethodWorker.run(TestMethodWorker.java:128)
	at java.base@11.0.20/java.util.ArrayList.forEach(ArrayList.java:1541)
	at app//org.testng.TestRunner.privateRun(TestRunner.java:819)
	at app//org.testng.TestRunner.run(TestRunner.java:619)
	at app//org.testng.SuiteRunner.runTest(SuiteRunner.java:443)
	at app//org.testng.SuiteRunner.runSequentially(SuiteRunner.java:437)
	at app//org.testng.SuiteRunner.privateRun(SuiteRunner.java:397)
	at app//org.testng.SuiteRunner.run(SuiteRunner.java:336)
	at app//org.testng.SuiteRunnerWorker.runSuite(SuiteRunnerWorker.java:52)
	at app//org.testng.SuiteRunnerWorker.run(SuiteRunnerWorker.java:95)
	at app//org.testng.TestNG.runSuitesSequentially(TestNG.java:1301)
	at app//org.testng.TestNG.runSuitesLocally(TestNG.java:1228)
	at app//org.testng.TestNG.runSuites(TestNG.java:1134)
	at app//org.testng.TestNG.run(TestNG.java:1101)
	at org.gradle.api.internal.tasks.testing.testng.TestNGTestClassProcessor.runTests(TestNGTestClassProcessor.java:148)
	at org.gradle.api.internal.tasks.testing.testng.TestNGTestClassProcessor.stop(TestNGTestClassProcessor.java:95)
	at org.gradle.api.internal.tasks.testing.SuiteTestClassProcessor.stop(SuiteTestClassProcessor.java:62)
	at java.base@11.0.20/jdk.internal.reflect.NativeMethodAccessorImpl.invoke0(Native Method)
	at java.base@11.0.20/jdk.internal.reflect.NativeMethodAccessorImpl.invoke(NativeMethodAccessorImpl.java:62)
	at java.base@11.0.20/jdk.internal.reflect.DelegatingMethodAccessorImpl.invoke(DelegatingMethodAccessorImpl.java:43)
	at java.base@11.0.20/java.lang.reflect.Method.invoke(Method.java:566)
	at org.gradle.internal.dispatch.ReflectionDispatch.dispatch(ReflectionDispatch.java:36)
	at org.gradle.internal.dispatch.ReflectionDispatch.dispatch(ReflectionDispatch.java:24)
	at org.gradle.internal.dispatch.ContextClassLoaderDispatch.dispatch(ContextClassLoaderDispatch.java:33)
	at org.gradle.internal.dispatch.ProxyDispatchAdapter$DispatchingInvocationHandler.invoke(ProxyDispatchAdapter.java:94)
	at com.sun.proxy.$Proxy2.stop(Unknown Source)
	at org.gradle.api.internal.tasks.testing.worker.TestWorker$3.run(TestWorker.java:193)
	at org.gradle.api.internal.tasks.testing.worker.TestWorker.executeAndMaintainThreadName(TestWorker.java:129)
	at org.gradle.api.internal.tasks.testing.worker.TestWorker.execute(TestWorker.java:100)
	at org.gradle.api.internal.tasks.testing.worker.TestWorker.execute(TestWorker.java:60)
	at org.gradle.process.internal.worker.child.ActionExecutionWorker.execute(ActionExecutionWorker.java:56)
	at org.gradle.process.internal.worker.child.SystemApplicationClassLoaderWorker.call(SystemApplicationClassLoaderWorker.java:113)
	at org.gradle.process.internal.worker.child.SystemApplicationClassLoaderWorker.call(SystemApplicationClassLoaderWorker.java:65)
	at app//worker.org.gradle.process.internal.worker.GradleWorkerMain.run(GradleWorkerMain.java:69)
	at app//worker.org.gradle.process.internal.worker.GradleWorkerMain.main(GradleWorkerMain.java:74)
</pre>
</span>
</div>
<div class="test">
<a name="searchButtonBottomIsAbsentOnHighResolution"></a>
<h3 class="failures">searchButtonBottomIsAbsentOnHighResolution</h3>
<span class="code">
<pre>org.openqa.selenium.TimeoutException: Expected condition failed: waiting for condition to not be valid: element to be clickable: By.cssSelector: [data-testid='searchBottom'] (tried for 5 second(s) with 500 milliseconds interval)
Build info: version: '4.17.0', revision: 'e52b1be057*'
System info: os.name: 'Windows 11', os.arch: 'amd64', os.version: '10.0', java.version: '11.0.20'
Driver info: org.openqa.selenium.chrome.ChromeDriver
Capabilities {acceptInsecureCerts: false, browserName: chrome, browserVersion: 121.0.6167.161, chrome: {chromedriverVersion: 121.0.6167.85 (3f98d690ad7e..., userDataDir: C:\Users\PORTIS~1\AppData\L...}, fedcm:accounts: true, goog:chromeOptions: {debuggerAddress: localhost:55231}, networkConnectionEnabled: false, pageLoadStrategy: normal, platformName: windows, proxy: Proxy(), se:cdp: ws://localhost:55231/devtoo..., se:cdpVersion: 121.0.6167.161, setWindowRect: true, strictFileInteractability: false, timeouts: {implicit: 0, pageLoad: 300000, script: 30000}, unhandledPromptBehavior: dismiss and notify, webauthn:extension:credBlob: true, webauthn:extension:largeBlob: true, webauthn:extension:minPinLength: true, webauthn:extension:prf: true, webauthn:virtualAuthenticators: true}
Session ID: 52a6f25921b2c21d074138a079296c9b
	at app//org.openqa.selenium.support.ui.WebDriverWait.timeoutException(WebDriverWait.java:84)
	at app//org.openqa.selenium.support.ui.FluentWait.until(FluentWait.java:228)
	at app//allcom_testng.tests.header.SearchBoxTests.searchButtonBottomIsAbsentOnHighResolution(SearchBoxTests.java:62)
	at java.base@11.0.20/jdk.internal.reflect.NativeMethodAccessorImpl.invoke0(Native Method)
	at java.base@11.0.20/jdk.internal.reflect.NativeMethodAccessorImpl.invoke(NativeMethodAccessorImpl.java:62)
	at java.base@11.0.20/jdk.internal.reflect.DelegatingMethodAccessorImpl.invoke(DelegatingMethodAccessorImpl.java:43)
	at java.base@11.0.20/java.lang.reflect.Method.invoke(Method.java:566)
	at app//org.testng.internal.invokers.MethodInvocationHelper.invokeMethod(MethodInvocationHelper.java:139)
	at app//org.testng.internal.invokers.TestInvoker.invokeMethod(TestInvoker.java:664)
	at app//org.testng.internal.invokers.TestInvoker.invokeTestMethod(TestInvoker.java:228)
	at app//org.testng.internal.invokers.MethodRunner.runInSequence(MethodRunner.java:63)
	at app//org.testng.internal.invokers.TestInvoker$MethodInvocationAgent.invoke(TestInvoker.java:961)
	at app//org.testng.internal.invokers.TestInvoker.invokeTestMethods(TestInvoker.java:201)
	at app//org.testng.internal.invokers.TestMethodWorker.invokeTestMethods(TestMethodWorker.java:148)
	at app//org.testng.internal.invokers.TestMethodWorker.run(TestMethodWorker.java:128)
	at java.base@11.0.20/java.util.ArrayList.forEach(ArrayList.java:1541)
	at app//org.testng.TestRunner.privateRun(TestRunner.java:819)
	at app//org.testng.TestRunner.run(TestRunner.java:619)
	at app//org.testng.SuiteRunner.runTest(SuiteRunner.java:443)
	at app//org.testng.SuiteRunner.runSequentially(SuiteRunner.java:437)
	at app//org.testng.SuiteRunner.privateRun(SuiteRunner.java:397)
	at app//org.testng.SuiteRunner.run(SuiteRunner.java:336)
	at app//org.testng.SuiteRunnerWorker.runSuite(SuiteRunnerWorker.java:52)
	at app//org.testng.SuiteRunnerWorker.run(SuiteRunnerWorker.java:95)
	at app//org.testng.TestNG.runSuitesSequentially(TestNG.java:1301)
	at app//org.testng.TestNG.runSuitesLocally(TestNG.java:1228)
	at app//org.testng.TestNG.runSuites(TestNG.java:1134)
	at app//org.testng.TestNG.run(TestNG.java:1101)
	at org.gradle.api.internal.tasks.testing.testng.TestNGTestClassProcessor.runTests(TestNGTestClassProcessor.java:148)
	at org.gradle.api.internal.tasks.testing.testng.TestNGTestClassProcessor.stop(TestNGTestClassProcessor.java:95)
	at org.gradle.api.internal.tasks.testing.SuiteTestClassProcessor.stop(SuiteTestClassProcessor.java:62)
	at java.base@11.0.20/jdk.internal.reflect.NativeMethodAccessorImpl.invoke0(Native Method)
	at java.base@11.0.20/jdk.internal.reflect.NativeMethodAccessorImpl.invoke(NativeMethodAccessorImpl.java:62)
	at java.base@11.0.20/jdk.internal.reflect.DelegatingMethodAccessorImpl.invoke(DelegatingMethodAccessorImpl.java:43)
	at java.base@11.0.20/java.lang.reflect.Method.invoke(Method.java:566)
	at org.gradle.internal.dispatch.ReflectionDispatch.dispatch(ReflectionDispatch.java:36)
	at org.gradle.internal.dispatch.ReflectionDispatch.dispatch(ReflectionDispatch.java:24)
	at org.gradle.internal.dispatch.ContextClassLoaderDispatch.dispatch(ContextClassLoaderDispatch.java:33)
	at org.gradle.internal.dispatch.ProxyDispatchAdapter$DispatchingInvocationHandler.invoke(ProxyDispatchAdapter.java:94)
	at com.sun.proxy.$Proxy2.stop(Unknown Source)
	at org.gradle.api.internal.tasks.testing.worker.TestWorker$3.run(TestWorker.java:193)
	at org.gradle.api.internal.tasks.testing.worker.TestWorker.executeAndMaintainThreadName(TestWorker.java:129)
	at org.gradle.api.internal.tasks.testing.worker.TestWorker.execute(TestWorker.java:100)
	at org.gradle.api.internal.tasks.testing.worker.TestWorker.execute(TestWorker.java:60)
	at org.gradle.process.internal.worker.child.ActionExecutionWorker.execute(ActionExecutionWorker.java:56)
	at org.gradle.process.internal.worker.child.SystemApplicationClassLoaderWorker.call(SystemApplicationClassLoaderWorker.java:113)
	at org.gradle.process.internal.worker.child.SystemApplicationClassLoaderWorker.call(SystemApplicationClassLoaderWorker.java:65)
	at app//worker.org.gradle.process.internal.worker.GradleWorkerMain.run(GradleWorkerMain.java:69)
	at app//worker.org.gradle.process.internal.worker.GradleWorkerMain.main(GradleWorkerMain.java:74)
</pre>
</span>
</div>
<div class="test">
<a name="searchRedirectsToCorrectPageTest"></a>
<h3 class="failures">searchRedirectsToCorrectPageTest</h3>
<span class="code">
<pre>org.openqa.selenium.TimeoutException: Expected condition failed: waiting for element to be clickable: [[ChromeDriver: chrome on windows (52a6f25921b2c21d074138a079296c9b)] -&gt; class name: search__input] (tried for 5 second(s) with 500 milliseconds interval)
Build info: version: '4.17.0', revision: 'e52b1be057*'
System info: os.name: 'Windows 11', os.arch: 'amd64', os.version: '10.0', java.version: '11.0.20'
Driver info: org.openqa.selenium.chrome.ChromeDriver
Capabilities {acceptInsecureCerts: false, browserName: chrome, browserVersion: 121.0.6167.161, chrome: {chromedriverVersion: 121.0.6167.85 (3f98d690ad7e..., userDataDir: C:\Users\PORTIS~1\AppData\L...}, fedcm:accounts: true, goog:chromeOptions: {debuggerAddress: localhost:55231}, networkConnectionEnabled: false, pageLoadStrategy: normal, platformName: windows, proxy: Proxy(), se:cdp: ws://localhost:55231/devtoo..., se:cdpVersion: 121.0.6167.161, setWindowRect: true, strictFileInteractability: false, timeouts: {implicit: 0, pageLoad: 300000, script: 30000}, unhandledPromptBehavior: dismiss and notify, webauthn:extension:credBlob: true, webauthn:extension:largeBlob: true, webauthn:extension:minPinLength: true, webauthn:extension:prf: true, webauthn:virtualAuthenticators: true}
Session ID: 52a6f25921b2c21d074138a079296c9b
	at app//org.openqa.selenium.support.ui.WebDriverWait.timeoutException(WebDriverWait.java:84)
	at app//org.openqa.selenium.support.ui.FluentWait.until(FluentWait.java:228)
	at app//allcom_testng.pages.BasePage.type(BasePage.java:70)
	at app//allcom_testng.tests.header.SearchBoxTests.searchRedirectsToCorrectPageTest(SearchBoxTests.java:112)
	at java.base@11.0.20/jdk.internal.reflect.NativeMethodAccessorImpl.invoke0(Native Method)
	at java.base@11.0.20/jdk.internal.reflect.NativeMethodAccessorImpl.invoke(NativeMethodAccessorImpl.java:62)
	at java.base@11.0.20/jdk.internal.reflect.DelegatingMethodAccessorImpl.invoke(DelegatingMethodAccessorImpl.java:43)
	at java.base@11.0.20/java.lang.reflect.Method.invoke(Method.java:566)
	at app//org.testng.internal.invokers.MethodInvocationHelper.invokeMethod(MethodInvocationHelper.java:139)
	at app//org.testng.internal.invokers.TestInvoker.invokeMethod(TestInvoker.java:664)
	at app//org.testng.internal.invokers.TestInvoker.invokeTestMethod(TestInvoker.java:228)
	at app//org.testng.internal.invokers.MethodRunner.runInSequence(MethodRunner.java:63)
	at app//org.testng.internal.invokers.TestInvoker$MethodInvocationAgent.invoke(TestInvoker.java:961)
	at app//org.testng.internal.invokers.TestInvoker.invokeTestMethods(TestInvoker.java:201)
	at app//org.testng.internal.invokers.TestMethodWorker.invokeTestMethods(TestMethodWorker.java:148)
	at app//org.testng.internal.invokers.TestMethodWorker.run(TestMethodWorker.java:128)
	at java.base@11.0.20/java.util.ArrayList.forEach(ArrayList.java:1541)
	at app//org.testng.TestRunner.privateRun(TestRunner.java:819)
	at app//org.testng.TestRunner.run(TestRunner.java:619)
	at app//org.testng.SuiteRunner.runTest(SuiteRunner.java:443)
	at app//org.testng.SuiteRunner.runSequentially(SuiteRunner.java:437)
	at app//org.testng.SuiteRunner.privateRun(SuiteRunner.java:397)
	at app//org.testng.SuiteRunner.run(SuiteRunner.java:336)
	at app//org.testng.SuiteRunnerWorker.runSuite(SuiteRunnerWorker.java:52)
	at app//org.testng.SuiteRunnerWorker.run(SuiteRunnerWorker.java:95)
	at app//org.testng.TestNG.runSuitesSequentially(TestNG.java:1301)
	at app//org.testng.TestNG.runSuitesLocally(TestNG.java:1228)
	at app//org.testng.TestNG.runSuites(TestNG.java:1134)
	at app//org.testng.TestNG.run(TestNG.java:1101)
	at org.gradle.api.internal.tasks.testing.testng.TestNGTestClassProcessor.runTests(TestNGTestClassProcessor.java:148)
	at org.gradle.api.internal.tasks.testing.testng.TestNGTestClassProcessor.stop(TestNGTestClassProcessor.java:95)
	at org.gradle.api.internal.tasks.testing.SuiteTestClassProcessor.stop(SuiteTestClassProcessor.java:62)
	at java.base@11.0.20/jdk.internal.reflect.NativeMethodAccessorImpl.invoke0(Native Method)
	at java.base@11.0.20/jdk.internal.reflect.NativeMethodAccessorImpl.invoke(NativeMethodAccessorImpl.java:62)
	at java.base@11.0.20/jdk.internal.reflect.DelegatingMethodAccessorImpl.invoke(DelegatingMethodAccessorImpl.java:43)
	at java.base@11.0.20/java.lang.reflect.Method.invoke(Method.java:566)
	at org.gradle.internal.dispatch.ReflectionDispatch.dispatch(ReflectionDispatch.java:36)
	at org.gradle.internal.dispatch.ReflectionDispatch.dispatch(ReflectionDispatch.java:24)
	at org.gradle.internal.dispatch.ContextClassLoaderDispatch.dispatch(ContextClassLoaderDispatch.java:33)
	at org.gradle.internal.dispatch.ProxyDispatchAdapter$DispatchingInvocationHandler.invoke(ProxyDispatchAdapter.java:94)
	at com.sun.proxy.$Proxy2.stop(Unknown Source)
	at org.gradle.api.internal.tasks.testing.worker.TestWorker$3.run(TestWorker.java:193)
	at org.gradle.api.internal.tasks.testing.worker.TestWorker.executeAndMaintainThreadName(TestWorker.java:129)
	at org.gradle.api.internal.tasks.testing.worker.TestWorker.execute(TestWorker.java:100)
	at org.gradle.api.internal.tasks.testing.worker.TestWorker.execute(TestWorker.java:60)
	at org.gradle.process.internal.worker.child.ActionExecutionWorker.execute(ActionExecutionWorker.java:56)
	at org.gradle.process.internal.worker.child.SystemApplicationClassLoaderWorker.call(SystemApplicationClassLoaderWorker.java:113)
	at org.gradle.process.internal.worker.child.SystemApplicationClassLoaderWorker.call(SystemApplicationClassLoaderWorker.java:65)
	at app//worker.org.gradle.process.internal.worker.GradleWorkerMain.run(GradleWorkerMain.java:69)
	at app//worker.org.gradle.process.internal.worker.GradleWorkerMain.main(GradleWorkerMain.java:74)
</pre>
</span>
</div>
<div class="test">
<a name="validateSearchWithIncorrectData[0]()"></a>
<h3 class="failures">validateSearchWithIncorrectData[0]()</h3>
<span class="code">
<pre>org.openqa.selenium.TimeoutException: Expected condition failed: waiting for element to be clickable: [[ChromeDriver: chrome on windows (52a6f25921b2c21d074138a079296c9b)] -&gt; class name: search__input] (tried for 5 second(s) with 500 milliseconds interval)
Build info: version: '4.17.0', revision: 'e52b1be057*'
System info: os.name: 'Windows 11', os.arch: 'amd64', os.version: '10.0', java.version: '11.0.20'
Driver info: org.openqa.selenium.chrome.ChromeDriver
Capabilities {acceptInsecureCerts: false, browserName: chrome, browserVersion: 121.0.6167.161, chrome: {chromedriverVersion: 121.0.6167.85 (3f98d690ad7e..., userDataDir: C:\Users\PORTIS~1\AppData\L...}, fedcm:accounts: true, goog:chromeOptions: {debuggerAddress: localhost:55231}, networkConnectionEnabled: false, pageLoadStrategy: normal, platformName: windows, proxy: Proxy(), se:cdp: ws://localhost:55231/devtoo..., se:cdpVersion: 121.0.6167.161, setWindowRect: true, strictFileInteractability: false, timeouts: {implicit: 0, pageLoad: 300000, script: 30000}, unhandledPromptBehavior: dismiss and notify, webauthn:extension:credBlob: true, webauthn:extension:largeBlob: true, webauthn:extension:minPinLength: true, webauthn:extension:prf: true, webauthn:virtualAuthenticators: true}
Session ID: 52a6f25921b2c21d074138a079296c9b
	at app//org.openqa.selenium.support.ui.WebDriverWait.timeoutException(WebDriverWait.java:84)
	at app//org.openqa.selenium.support.ui.FluentWait.until(FluentWait.java:228)
	at app//allcom_testng.pages.BasePage.type(BasePage.java:70)
	at app//allcom_testng.tests.header.SearchBoxTests.validateSearchWithIncorrectData(SearchBoxTests.java:126)
	at java.base@11.0.20/jdk.internal.reflect.NativeMethodAccessorImpl.invoke0(Native Method)
	at java.base@11.0.20/jdk.internal.reflect.NativeMethodAccessorImpl.invoke(NativeMethodAccessorImpl.java:62)
	at java.base@11.0.20/jdk.internal.reflect.DelegatingMethodAccessorImpl.invoke(DelegatingMethodAccessorImpl.java:43)
	at java.base@11.0.20/java.lang.reflect.Method.invoke(Method.java:566)
	at app//org.testng.internal.invokers.MethodInvocationHelper.invokeMethod(MethodInvocationHelper.java:139)
	at app//org.testng.internal.invokers.TestInvoker.invokeMethod(TestInvoker.java:664)
	at app//org.testng.internal.invokers.TestInvoker.invokeTestMethod(TestInvoker.java:228)
	at app//org.testng.internal.invokers.MethodRunner.runInSequence(MethodRunner.java:63)
	at app//org.testng.internal.invokers.TestInvoker$MethodInvocationAgent.invoke(TestInvoker.java:961)
	at app//org.testng.internal.invokers.TestInvoker.invokeTestMethods(TestInvoker.java:201)
	at app//org.testng.internal.invokers.TestMethodWorker.invokeTestMethods(TestMethodWorker.java:148)
	at app//org.testng.internal.invokers.TestMethodWorker.run(TestMethodWorker.java:128)
	at java.base@11.0.20/java.util.ArrayList.forEach(ArrayList.java:1541)
	at app//org.testng.TestRunner.privateRun(TestRunner.java:819)
	at app//org.testng.TestRunner.run(TestRunner.java:619)
	at app//org.testng.SuiteRunner.runTest(SuiteRunner.java:443)
	at app//org.testng.SuiteRunner.runSequentially(SuiteRunner.java:437)
	at app//org.testng.SuiteRunner.privateRun(SuiteRunner.java:397)
	at app//org.testng.SuiteRunner.run(SuiteRunner.java:336)
	at app//org.testng.SuiteRunnerWorker.runSuite(SuiteRunnerWorker.java:52)
	at app//org.testng.SuiteRunnerWorker.run(SuiteRunnerWorker.java:95)
	at app//org.testng.TestNG.runSuitesSequentially(TestNG.java:1301)
	at app//org.testng.TestNG.runSuitesLocally(TestNG.java:1228)
	at app//org.testng.TestNG.runSuites(TestNG.java:1134)
	at app//org.testng.TestNG.run(TestNG.java:1101)
	at org.gradle.api.internal.tasks.testing.testng.TestNGTestClassProcessor.runTests(TestNGTestClassProcessor.java:148)
	at org.gradle.api.internal.tasks.testing.testng.TestNGTestClassProcessor.stop(TestNGTestClassProcessor.java:95)
	at org.gradle.api.internal.tasks.testing.SuiteTestClassProcessor.stop(SuiteTestClassProcessor.java:62)
	at java.base@11.0.20/jdk.internal.reflect.NativeMethodAccessorImpl.invoke0(Native Method)
	at java.base@11.0.20/jdk.internal.reflect.NativeMethodAccessorImpl.invoke(NativeMethodAccessorImpl.java:62)
	at java.base@11.0.20/jdk.internal.reflect.DelegatingMethodAccessorImpl.invoke(DelegatingMethodAccessorImpl.java:43)
	at java.base@11.0.20/java.lang.reflect.Method.invoke(Method.java:566)
	at org.gradle.internal.dispatch.ReflectionDispatch.dispatch(ReflectionDispatch.java:36)
	at org.gradle.internal.dispatch.ReflectionDispatch.dispatch(ReflectionDispatch.java:24)
	at org.gradle.internal.dispatch.ContextClassLoaderDispatch.dispatch(ContextClassLoaderDispatch.java:33)
	at org.gradle.internal.dispatch.ProxyDispatchAdapter$DispatchingInvocationHandler.invoke(ProxyDispatchAdapter.java:94)
	at com.sun.proxy.$Proxy2.stop(Unknown Source)
	at org.gradle.api.internal.tasks.testing.worker.TestWorker$3.run(TestWorker.java:193)
	at org.gradle.api.internal.tasks.testing.worker.TestWorker.executeAndMaintainThreadName(TestWorker.java:129)
	at org.gradle.api.internal.tasks.testing.worker.TestWorker.execute(TestWorker.java:100)
	at org.gradle.api.internal.tasks.testing.worker.TestWorker.execute(TestWorker.java:60)
	at org.gradle.process.internal.worker.child.ActionExecutionWorker.execute(ActionExecutionWorker.java:56)
	at org.gradle.process.internal.worker.child.SystemApplicationClassLoaderWorker.call(SystemApplicationClassLoaderWorker.java:113)
	at org.gradle.process.internal.worker.child.SystemApplicationClassLoaderWorker.call(SystemApplicationClassLoaderWorker.java:65)
	at app//worker.org.gradle.process.internal.worker.GradleWorkerMain.run(GradleWorkerMain.java:69)
	at app//worker.org.gradle.process.internal.worker.GradleWorkerMain.main(GradleWorkerMain.java:74)
</pre>
</span>
</div>
<div class="test">
<a name="validateSearchWithIncorrectData[1](В )"></a>
<h3 class="failures">validateSearchWithIncorrectData[1](В )</h3>
<span class="code">
<pre>org.openqa.selenium.TimeoutException: Expected condition failed: waiting for element to be clickable: [[ChromeDriver: chrome on windows (52a6f25921b2c21d074138a079296c9b)] -&gt; class name: search__input] (tried for 5 second(s) with 500 milliseconds interval)
Build info: version: '4.17.0', revision: 'e52b1be057*'
System info: os.name: 'Windows 11', os.arch: 'amd64', os.version: '10.0', java.version: '11.0.20'
Driver info: org.openqa.selenium.chrome.ChromeDriver
Capabilities {acceptInsecureCerts: false, browserName: chrome, browserVersion: 121.0.6167.161, chrome: {chromedriverVersion: 121.0.6167.85 (3f98d690ad7e..., userDataDir: C:\Users\PORTIS~1\AppData\L...}, fedcm:accounts: true, goog:chromeOptions: {debuggerAddress: localhost:55231}, networkConnectionEnabled: false, pageLoadStrategy: normal, platformName: windows, proxy: Proxy(), se:cdp: ws://localhost:55231/devtoo..., se:cdpVersion: 121.0.6167.161, setWindowRect: true, strictFileInteractability: false, timeouts: {implicit: 0, pageLoad: 300000, script: 30000}, unhandledPromptBehavior: dismiss and notify, webauthn:extension:credBlob: true, webauthn:extension:largeBlob: true, webauthn:extension:minPinLength: true, webauthn:extension:prf: true, webauthn:virtualAuthenticators: true}
Session ID: 52a6f25921b2c21d074138a079296c9b
	at app//org.openqa.selenium.support.ui.WebDriverWait.timeoutException(WebDriverWait.java:84)
	at app//org.openqa.selenium.support.ui.FluentWait.until(FluentWait.java:228)
	at app//allcom_testng.pages.BasePage.type(BasePage.java:70)
	at app//allcom_testng.tests.header.SearchBoxTests.validateSearchWithIncorrectData(SearchBoxTests.java:126)
	at java.base@11.0.20/jdk.internal.reflect.NativeMethodAccessorImpl.invoke0(Native Method)
	at java.base@11.0.20/jdk.internal.reflect.NativeMethodAccessorImpl.invoke(NativeMethodAccessorImpl.java:62)
	at java.base@11.0.20/jdk.internal.reflect.DelegatingMethodAccessorImpl.invoke(DelegatingMethodAccessorImpl.java:43)
	at java.base@11.0.20/java.lang.reflect.Method.invoke(Method.java:566)
	at app//org.testng.internal.invokers.MethodInvocationHelper.invokeMethod(MethodInvocationHelper.java:139)
	at app//org.testng.internal.invokers.TestInvoker.invokeMethod(TestInvoker.java:664)
	at app//org.testng.internal.invokers.TestInvoker.invokeTestMethod(TestInvoker.java:228)
	at app//org.testng.internal.invokers.MethodRunner.runInSequence(MethodRunner.java:63)
	at app//org.testng.internal.invokers.TestInvoker$MethodInvocationAgent.invoke(TestInvoker.java:961)
	at app//org.testng.internal.invokers.TestInvoker.invokeTestMethods(TestInvoker.java:201)
	at app//org.testng.internal.invokers.TestMethodWorker.invokeTestMethods(TestMethodWorker.java:148)
	at app//org.testng.internal.invokers.TestMethodWorker.run(TestMethodWorker.java:128)
	at java.base@11.0.20/java.util.ArrayList.forEach(ArrayList.java:1541)
	at app//org.testng.TestRunner.privateRun(TestRunner.java:819)
	at app//org.testng.TestRunner.run(TestRunner.java:619)
	at app//org.testng.SuiteRunner.runTest(SuiteRunner.java:443)
	at app//org.testng.SuiteRunner.runSequentially(SuiteRunner.java:437)
	at app//org.testng.SuiteRunner.privateRun(SuiteRunner.java:397)
	at app//org.testng.SuiteRunner.run(SuiteRunner.java:336)
	at app//org.testng.SuiteRunnerWorker.runSuite(SuiteRunnerWorker.java:52)
	at app//org.testng.SuiteRunnerWorker.run(SuiteRunnerWorker.java:95)
	at app//org.testng.TestNG.runSuitesSequentially(TestNG.java:1301)
	at app//org.testng.TestNG.runSuitesLocally(TestNG.java:1228)
	at app//org.testng.TestNG.runSuites(TestNG.java:1134)
	at app//org.testng.TestNG.run(TestNG.java:1101)
	at org.gradle.api.internal.tasks.testing.testng.TestNGTestClassProcessor.runTests(TestNGTestClassProcessor.java:148)
	at org.gradle.api.internal.tasks.testing.testng.TestNGTestClassProcessor.stop(TestNGTestClassProcessor.java:95)
	at org.gradle.api.internal.tasks.testing.SuiteTestClassProcessor.stop(SuiteTestClassProcessor.java:62)
	at java.base@11.0.20/jdk.internal.reflect.NativeMethodAccessorImpl.invoke0(Native Method)
	at java.base@11.0.20/jdk.internal.reflect.NativeMethodAccessorImpl.invoke(NativeMethodAccessorImpl.java:62)
	at java.base@11.0.20/jdk.internal.reflect.DelegatingMethodAccessorImpl.invoke(DelegatingMethodAccessorImpl.java:43)
	at java.base@11.0.20/java.lang.reflect.Method.invoke(Method.java:566)
	at org.gradle.internal.dispatch.ReflectionDispatch.dispatch(ReflectionDispatch.java:36)
	at org.gradle.internal.dispatch.ReflectionDispatch.dispatch(ReflectionDispatch.java:24)
	at org.gradle.internal.dispatch.ContextClassLoaderDispatch.dispatch(ContextClassLoaderDispatch.java:33)
	at org.gradle.internal.dispatch.ProxyDispatchAdapter$DispatchingInvocationHandler.invoke(ProxyDispatchAdapter.java:94)
	at com.sun.proxy.$Proxy2.stop(Unknown Source)
	at org.gradle.api.internal.tasks.testing.worker.TestWorker$3.run(TestWorker.java:193)
	at org.gradle.api.internal.tasks.testing.worker.TestWorker.executeAndMaintainThreadName(TestWorker.java:129)
	at org.gradle.api.internal.tasks.testing.worker.TestWorker.execute(TestWorker.java:100)
	at org.gradle.api.internal.tasks.testing.worker.TestWorker.execute(TestWorker.java:60)
	at org.gradle.process.internal.worker.child.ActionExecutionWorker.execute(ActionExecutionWorker.java:56)
	at org.gradle.process.internal.worker.child.SystemApplicationClassLoaderWorker.call(SystemApplicationClassLoaderWorker.java:113)
	at org.gradle.process.internal.worker.child.SystemApplicationClassLoaderWorker.call(SystemApplicationClassLoaderWorker.java:65)
	at app//worker.org.gradle.process.internal.worker.GradleWorkerMain.run(GradleWorkerMain.java:69)
	at app//worker.org.gradle.process.internal.worker.GradleWorkerMain.main(GradleWorkerMain.java:74)
</pre>
</span>
</div>
<div class="test">
<a name="validateSearchWithIncorrectData[2](&lt;script&gt;)"></a>
<h3 class="failures">validateSearchWithIncorrectData[2](&lt;script&gt;)</h3>
<span class="code">
<pre>org.openqa.selenium.TimeoutException: Expected condition failed: waiting for element to be clickable: [[ChromeDriver: chrome on windows (52a6f25921b2c21d074138a079296c9b)] -&gt; class name: search__input] (tried for 5 second(s) with 500 milliseconds interval)
Build info: version: '4.17.0', revision: 'e52b1be057*'
System info: os.name: 'Windows 11', os.arch: 'amd64', os.version: '10.0', java.version: '11.0.20'
Driver info: org.openqa.selenium.chrome.ChromeDriver
Capabilities {acceptInsecureCerts: false, browserName: chrome, browserVersion: 121.0.6167.161, chrome: {chromedriverVersion: 121.0.6167.85 (3f98d690ad7e..., userDataDir: C:\Users\PORTIS~1\AppData\L...}, fedcm:accounts: true, goog:chromeOptions: {debuggerAddress: localhost:55231}, networkConnectionEnabled: false, pageLoadStrategy: normal, platformName: windows, proxy: Proxy(), se:cdp: ws://localhost:55231/devtoo..., se:cdpVersion: 121.0.6167.161, setWindowRect: true, strictFileInteractability: false, timeouts: {implicit: 0, pageLoad: 300000, script: 30000}, unhandledPromptBehavior: dismiss and notify, webauthn:extension:credBlob: true, webauthn:extension:largeBlob: true, webauthn:extension:minPinLength: true, webauthn:extension:prf: true, webauthn:virtualAuthenticators: true}
Session ID: 52a6f25921b2c21d074138a079296c9b
	at app//org.openqa.selenium.support.ui.WebDriverWait.timeoutException(WebDriverWait.java:84)
	at app//org.openqa.selenium.support.ui.FluentWait.until(FluentWait.java:228)
	at app//allcom_testng.pages.BasePage.type(BasePage.java:70)
	at app//allcom_testng.tests.header.SearchBoxTests.validateSearchWithIncorrectData(SearchBoxTests.java:126)
	at java.base@11.0.20/jdk.internal.reflect.NativeMethodAccessorImpl.invoke0(Native Method)
	at java.base@11.0.20/jdk.internal.reflect.NativeMethodAccessorImpl.invoke(NativeMethodAccessorImpl.java:62)
	at java.base@11.0.20/jdk.internal.reflect.DelegatingMethodAccessorImpl.invoke(DelegatingMethodAccessorImpl.java:43)
	at java.base@11.0.20/java.lang.reflect.Method.invoke(Method.java:566)
	at app//org.testng.internal.invokers.MethodInvocationHelper.invokeMethod(MethodInvocationHelper.java:139)
	at app//org.testng.internal.invokers.TestInvoker.invokeMethod(TestInvoker.java:664)
	at app//org.testng.internal.invokers.TestInvoker.invokeTestMethod(TestInvoker.java:228)
	at app//org.testng.internal.invokers.MethodRunner.runInSequence(MethodRunner.java:63)
	at app//org.testng.internal.invokers.TestInvoker$MethodInvocationAgent.invoke(TestInvoker.java:961)
	at app//org.testng.internal.invokers.TestInvoker.invokeTestMethods(TestInvoker.java:201)
	at app//org.testng.internal.invokers.TestMethodWorker.invokeTestMethods(TestMethodWorker.java:148)
	at app//org.testng.internal.invokers.TestMethodWorker.run(TestMethodWorker.java:128)
	at java.base@11.0.20/java.util.ArrayList.forEach(ArrayList.java:1541)
	at app//org.testng.TestRunner.privateRun(TestRunner.java:819)
	at app//org.testng.TestRunner.run(TestRunner.java:619)
	at app//org.testng.SuiteRunner.runTest(SuiteRunner.java:443)
	at app//org.testng.SuiteRunner.runSequentially(SuiteRunner.java:437)
	at app//org.testng.SuiteRunner.privateRun(SuiteRunner.java:397)
	at app//org.testng.SuiteRunner.run(SuiteRunner.java:336)
	at app//org.testng.SuiteRunnerWorker.runSuite(SuiteRunnerWorker.java:52)
	at app//org.testng.SuiteRunnerWorker.run(SuiteRunnerWorker.java:95)
	at app//org.testng.TestNG.runSuitesSequentially(TestNG.java:1301)
	at app//org.testng.TestNG.runSuitesLocally(TestNG.java:1228)
	at app//org.testng.TestNG.runSuites(TestNG.java:1134)
	at app//org.testng.TestNG.run(TestNG.java:1101)
	at org.gradle.api.internal.tasks.testing.testng.TestNGTestClassProcessor.runTests(TestNGTestClassProcessor.java:148)
	at org.gradle.api.internal.tasks.testing.testng.TestNGTestClassProcessor.stop(TestNGTestClassProcessor.java:95)
	at org.gradle.api.internal.tasks.testing.SuiteTestClassProcessor.stop(SuiteTestClassProcessor.java:62)
	at java.base@11.0.20/jdk.internal.reflect.NativeMethodAccessorImpl.invoke0(Native Method)
	at java.base@11.0.20/jdk.internal.reflect.NativeMethodAccessorImpl.invoke(NativeMethodAccessorImpl.java:62)
	at java.base@11.0.20/jdk.internal.reflect.DelegatingMethodAccessorImpl.invoke(DelegatingMethodAccessorImpl.java:43)
	at java.base@11.0.20/java.lang.reflect.Method.invoke(Method.java:566)
	at org.gradle.internal.dispatch.ReflectionDispatch.dispatch(ReflectionDispatch.java:36)
	at org.gradle.internal.dispatch.ReflectionDispatch.dispatch(ReflectionDispatch.java:24)
	at org.gradle.internal.dispatch.ContextClassLoaderDispatch.dispatch(ContextClassLoaderDispatch.java:33)
	at org.gradle.internal.dispatch.ProxyDispatchAdapter$DispatchingInvocationHandler.invoke(ProxyDispatchAdapter.java:94)
	at com.sun.proxy.$Proxy2.stop(Unknown Source)
	at org.gradle.api.internal.tasks.testing.worker.TestWorker$3.run(TestWorker.java:193)
	at org.gradle.api.internal.tasks.testing.worker.TestWorker.executeAndMaintainThreadName(TestWorker.java:129)
	at org.gradle.api.internal.tasks.testing.worker.TestWorker.execute(TestWorker.java:100)
	at org.gradle.api.internal.tasks.testing.worker.TestWorker.execute(TestWorker.java:60)
	at org.gradle.process.internal.worker.child.ActionExecutionWorker.execute(ActionExecutionWorker.java:56)
	at org.gradle.process.internal.worker.child.SystemApplicationClassLoaderWorker.call(SystemApplicationClassLoaderWorker.java:113)
	at org.gradle.process.internal.worker.child.SystemApplicationClassLoaderWorker.call(SystemApplicationClassLoaderWorker.java:65)
	at app//worker.org.gradle.process.internal.worker.GradleWorkerMain.run(GradleWorkerMain.java:69)
	at app//worker.org.gradle.process.internal.worker.GradleWorkerMain.main(GradleWorkerMain.java:74)
</pre>
</span>
</div>
</div>
<div id="tab1" class="tab">
<h2>Tests</h2>
<table>
<thead>
<tr>
<th>Test</th>
<th>Duration</th>
<th>Result</th>
</tr>
</thead>
<tr>
<td class="failures">precondition</td>
<td class="failures">0.018s</td>
<td class="failures">failed</td>
</tr>
<tr>
<td class="success">searchBoxAcceptsLongInput</td>
<td class="success">0.330s</td>
<td class="success">passed</td>
</tr>
<tr>
<td class="success">searchBoxAcceptsSpecialCharacters</td>
<td class="success">0.202s</td>
<td class="success">passed</td>
</tr>
<tr>
<td class="success">searchBoxInputIsPresent</td>
<td class="success">0s</td>
<td class="success">passed</td>
</tr>
<tr>
<td class="success">searchBoxInputTest[0]()</td>
<td class="success">0.169s</td>
<td class="success">passed</td>
</tr>
<tr>
<td class="success">searchBoxInputTest[10](char)</td>
<td class="success">0.166s</td>
<td class="success">passed</td>
</tr>
<tr>
<td class="success">searchBoxInputTest[11](nchar)</td>
<td class="success">0.174s</td>
<td class="success">passed</td>
</tr>
<tr>
<td class="success">searchBoxInputTest[12](varchar)</td>
<td class="success">0.204s</td>
<td class="success">passed</td>
</tr>
<tr>
<td class="success">searchBoxInputTest[13](nvarchar)</td>
<td class="success">0.215s</td>
<td class="success">passed</td>
</tr>
<tr>
<td class="success">searchBoxInputTest[14](alter)</td>
<td class="success">0.198s</td>
<td class="success">passed</td>
</tr>
<tr>
<td class="success">searchBoxInputTest[15](begin)</td>
<td class="success">0.224s</td>
<td class="success">passed</td>
</tr>
<tr>
<td class="success">searchBoxInputTest[16](cast)</td>
<td class="success">0.228s</td>
<td class="success">passed</td>
</tr>
<tr>
<td class="success">searchBoxInputTest[17](create)</td>
<td class="success">0.225s</td>
<td class="success">passed</td>
</tr>
<tr>
<td class="success">searchBoxInputTest[18](cursor)</td>
<td class="success">0.218s</td>
<td class="success">passed</td>
</tr>
<tr>
<td class="success">searchBoxInputTest[19](declare)</td>
<td class="success">0.226s</td>
<td class="success">passed</td>
</tr>
<tr>
<td class="success">searchBoxInputTest[1](В )</td>
<td class="success">0.173s</td>
<td class="success">passed</td>
</tr>
<tr>
<td class="success">searchBoxInputTest[20](delete)</td>
<td class="success">0.170s</td>
<td class="success">passed</td>
</tr>
<tr>
<td class="success">searchBoxInputTest[21](drop)</td>
<td class="success">0.180s</td>
<td class="success">passed</td>
</tr>
<tr>
<td class="success">searchBoxInputTest[22](exec)</td>
<td class="success">0.224s</td>
<td class="success">passed</td>
</tr>
<tr>
<td class="success">searchBoxInputTest[23](execute)</td>
<td class="success">0.233s</td>
<td class="success">passed</td>
</tr>
<tr>
<td class="success">searchBoxInputTest[24](fetch)</td>
<td class="success">0.238s</td>
<td class="success">passed</td>
</tr>
<tr>
<td class="success">searchBoxInputTest[25](insert)</td>
<td class="success">0.166s</td>
<td class="success">passed</td>
</tr>
<tr>
<td class="success">searchBoxInputTest[26](kill)</td>
<td class="success">0.241s</td>
<td class="success">passed</td>
</tr>
<tr>
<td class="success">searchBoxInputTest[27](select)</td>
<td class="success">0.246s</td>
<td class="success">passed</td>
</tr>
<tr>
<td class="success">searchBoxInputTest[28](sys)</td>
<td class="success">0.244s</td>
<td class="success">passed</td>
</tr>
<tr>
<td class="success">searchBoxInputTest[29](sysobjects)</td>
<td class="success">0.248s</td>
<td class="success">passed</td>
</tr>
<tr>
<td class="success">searchBoxInputTest[2](&lt;script&gt;)</td>
<td class="success">0.183s</td>
<td class="success">passed</td>
</tr>
<tr>
<td class="success">searchBoxInputTest[30](syscolumns)</td>
<td class="success">0.268s</td>
<td class="success">passed</td>
</tr>
<tr>
<td class="success">searchBoxInputTest[31](&lt;script&gt;&lt;/script&gt;)</td>
<td class="success">0.263s</td>
<td class="success">passed</td>
</tr>
<tr>
<td class="success">searchBoxInputTest[3](&lt;/script&gt;)</td>
<td class="success">0.176s</td>
<td class="success">passed</td>
</tr>
<tr>
<td class="success">searchBoxInputTest[4](&lt;script&gt;)</td>
<td class="success">0.173s</td>
<td class="success">passed</td>
</tr>
<tr>
<td class="success">searchBoxInputTest[5](&lt;img&gt;)</td>
<td class="success">0.175s</td>
<td class="success">passed</td>
</tr>
<tr>
<td class="success">searchBoxInputTest[6](&lt;div&gt;)</td>
<td class="success">0.174s</td>
<td class="success">passed</td>
</tr>
<tr>
<td class="success">searchBoxInputTest[7](&lt;iframe&gt;)</td>
<td class="success">0.218s</td>
<td class="success">passed</td>
</tr>
<tr>
<td class="success">searchBoxInputTest[8](&lt;input&gt;)</td>
<td class="success">0.173s</td>
<td class="success">passed</td>
</tr>
<tr>
<td class="success">searchBoxInputTest[9](@@)</td>
<td class="success">0.165s</td>
<td class="success">passed</td>
</tr>
<tr>
<td class="success">searchBoxInputTextTest</td>
<td class="success">0.272s</td>
<td class="success">passed</td>
</tr>
<tr>
<td class="success">searchBoxIsAbsentOnLowResolution</td>
<td class="success">0.247s</td>
<td class="success">passed</td>
</tr>
<tr>
<td class="success">searchBoxIsClickableOnDifferentResolutions</td>
<td class="success">0.254s</td>
<td class="success">passed</td>
</tr>
<tr>
<td class="success">searchBoxIsEmptyBeforeInput</td>
<td class="success">0.016s</td>
<td class="success">passed</td>
</tr>
<tr>
<td class="success">searchBoxIsPresent</td>
<td class="success">0s</td>
<td class="success">passed</td>
</tr>
<tr>
<td class="failures">searchBoxIsPresentOnHighResolution</td>
<td class="failures">5.644s</td>
<td class="failures">failed</td>
</tr>
<tr>
<td class="failures">searchButtonBottomIsAbsentOnHighResolution</td>
<td class="failures">5.235s</td>
<td class="failures">failed</td>
</tr>
<tr>
<td class="success">searchButtonBottomIsClickable</td>
<td class="success">0.252s</td>
<td class="success">passed</td>
</tr>
<tr>
<td class="success">searchButtonBottomIsPresentOnLowResolution</td>
<td class="success">0.280s</td>
<td class="success">passed</td>
</tr>
<tr>
<td class="failures">searchRedirectsToCorrectPageTest</td>
<td class="failures">5.638s</td>
<td class="failures">failed</td>
</tr>
<tr>
<td class="failures">validateSearchWithIncorrectData[0]()</td>
<td class="failures">5.688s</td>
<td class="failures">failed</td>
</tr>
<tr>
<td class="skipped">validateSearchWithIncorrectData[10](char)</td>
<td class="skipped">-</td>
<td class="skipped">ignored</td>
</tr>
<tr>
<td class="skipped">validateSearchWithIncorrectData[11](nchar)</td>
<td class="skipped">-</td>
<td class="skipped">ignored</td>
</tr>
<tr>
<td class="skipped">validateSearchWithIncorrectData[12](varchar)</td>
<td class="skipped">-</td>
<td class="skipped">ignored</td>
</tr>
<tr>
<td class="skipped">validateSearchWithIncorrectData[13](nvarchar)</td>
<td class="skipped">-</td>
<td class="skipped">ignored</td>
</tr>
<tr>
<td class="skipped">validateSearchWithIncorrectData[14](alter)</td>
<td class="skipped">-</td>
<td class="skipped">ignored</td>
</tr>
<tr>
<td class="skipped">validateSearchWithIncorrectData[15](begin)</td>
<td class="skipped">-</td>
<td class="skipped">ignored</td>
</tr>
<tr>
<td class="skipped">validateSearchWithIncorrectData[16](cast)</td>
<td class="skipped">-</td>
<td class="skipped">ignored</td>
</tr>
<tr>
<td class="skipped">validateSearchWithIncorrectData[17](create)</td>
<td class="skipped">-</td>
<td class="skipped">ignored</td>
</tr>
<tr>
<td class="skipped">validateSearchWithIncorrectData[18](cursor)</td>
<td class="skipped">-</td>
<td class="skipped">ignored</td>
</tr>
<tr>
<td class="skipped">validateSearchWithIncorrectData[19](declare)</td>
<td class="skipped">-</td>
<td class="skipped">ignored</td>
</tr>
<tr>
<td class="failures">validateSearchWithIncorrectData[1](В )</td>
<td class="failures">5.678s</td>
<td class="failures">failed</td>
</tr>
<tr>
<td class="skipped">validateSearchWithIncorrectData[20](delete)</td>
<td class="skipped">-</td>
<td class="skipped">ignored</td>
</tr>
<tr>
<td class="skipped">validateSearchWithIncorrectData[21](drop)</td>
<td class="skipped">-</td>
<td class="skipped">ignored</td>
</tr>
<tr>
<td class="skipped">validateSearchWithIncorrectData[22](exec)</td>
<td class="skipped">-</td>
<td class="skipped">ignored</td>
</tr>
<tr>
<td class="skipped">validateSearchWithIncorrectData[23](execute)</td>
<td class="skipped">-</td>
<td class="skipped">ignored</td>
</tr>
<tr>
<td class="skipped">validateSearchWithIncorrectData[24](fetch)</td>
<td class="skipped">-</td>
<td class="skipped">ignored</td>
</tr>
<tr>
<td class="skipped">validateSearchWithIncorrectData[25](insert)</td>
<td class="skipped">-</td>
<td class="skipped">ignored</td>
</tr>
<tr>
<td class="skipped">validateSearchWithIncorrectData[26](kill)</td>
<td class="skipped">-</td>
<td class="skipped">ignored</td>
</tr>
<tr>
<td class="skipped">validateSearchWithIncorrectData[27](select)</td>
<td class="skipped">-</td>
<td class="skipped">ignored</td>
</tr>
<tr>
<td class="skipped">validateSearchWithIncorrectData[28](sys)</td>
<td class="skipped">-</td>
<td class="skipped">ignored</td>
</tr>
<tr>
<td class="skipped">validateSearchWithIncorrectData[29](sysobjects)</td>
<td class="skipped">-</td>
<td class="skipped">ignored</td>
</tr>
<tr>
<td class="failures">validateSearchWithIncorrectData[2](&lt;script&gt;)</td>
<td class="failures">5.728s</td>
<td class="failures">failed</td>
</tr>
<tr>
<td class="skipped">validateSearchWithIncorrectData[30](syscolumns)</td>
<td class="skipped">-</td>
<td class="skipped">ignored</td>
</tr>
<tr>
<td class="skipped">validateSearchWithIncorrectData[31](&lt;script&gt;&lt;/script&gt;)</td>
<td class="skipped">-</td>
<td class="skipped">ignored</td>
</tr>
<tr>
<td class="skipped">validateSearchWithIncorrectData[3](&lt;/script&gt;)</td>
<td class="skipped">-</td>
<td class="skipped">ignored</td>
</tr>
<tr>
<td class="skipped">validateSearchWithIncorrectData[4](&lt;script&gt;)</td>
<td class="skipped">-</td>
<td class="skipped">ignored</td>
</tr>
<tr>
<td class="skipped">validateSearchWithIncorrectData[5](&lt;img&gt;)</td>
<td class="skipped">-</td>
<td class="skipped">ignored</td>
</tr>
<tr>
<td class="skipped">validateSearchWithIncorrectData[6](&lt;div&gt;)</td>
<td class="skipped">-</td>
<td class="skipped">ignored</td>
</tr>
<tr>
<td class="skipped">validateSearchWithIncorrectData[7](&lt;iframe&gt;)</td>
<td class="skipped">-</td>
<td class="skipped">ignored</td>
</tr>
<tr>
<td class="skipped">validateSearchWithIncorrectData[8](&lt;input&gt;)</td>
<td class="skipped">-</td>
<td class="skipped">ignored</td>
</tr>
<tr>
<td class="skipped">validateSearchWithIncorrectData[9](@@)</td>
<td class="skipped">-</td>
<td class="skipped">ignored</td>
</tr>
</table>
</div>
<div id="tab2" class="tab">
<h2>Standard output</h2>
<span class="code">
<pre>10:45:55.345 [Test worker] INFO  allcom_testng.tests.TestBase -- Start test: [searchBoxAcceptsLongInput]
10:45:56.490 [Test worker] INFO  allcom_testng.tests.TestBase -- PASSED: [searchBoxAcceptsLongInput], with Parameters: []
10:45:56.491 [Test worker] INFO  allcom_testng.tests.TestBase -- Start test: [searchBoxAcceptsSpecialCharacters]
10:45:57.502 [Test worker] INFO  allcom_testng.tests.TestBase -- PASSED: [searchBoxAcceptsSpecialCharacters], with Parameters: []
10:45:57.503 [Test worker] INFO  allcom_testng.tests.TestBase -- Start test: [searchBoxInputIsPresent]
10:45:58.327 [Test worker] INFO  allcom_testng.tests.TestBase -- PASSED: [searchBoxInputIsPresent], with Parameters: []
10:45:58.342 [Test worker] INFO  allcom_testng.tests.TestBase -- Start test: [searchBoxInputTest]
10:45:59.328 [Test worker] INFO  allcom_testng.tests.TestBase -- PASSED: [searchBoxInputTest], with Parameters: []
10:45:59.329 [Test worker] INFO  allcom_testng.tests.TestBase -- Start test: [searchBoxInputTest]
10:46:00.298 [Test worker] INFO  allcom_testng.tests.TestBase -- PASSED: [searchBoxInputTest], with Parameters: [В ]
10:46:00.308 [Test worker] INFO  allcom_testng.tests.TestBase -- Start test: [searchBoxInputTest]
10:46:01.229 [Test worker] INFO  allcom_testng.tests.TestBase -- PASSED: [searchBoxInputTest], with Parameters: [&lt;script&gt;]
10:46:01.230 [Test worker] INFO  allcom_testng.tests.TestBase -- Start test: [searchBoxInputTest]
10:46:02.153 [Test worker] INFO  allcom_testng.tests.TestBase -- PASSED: [searchBoxInputTest], with Parameters: [&lt;/script&gt;]
10:46:02.153 [Test worker] INFO  allcom_testng.tests.TestBase -- Start test: [searchBoxInputTest]
10:46:03.107 [Test worker] INFO  allcom_testng.tests.TestBase -- PASSED: [searchBoxInputTest], with Parameters: [&lt;script&gt;]
10:46:03.107 [Test worker] INFO  allcom_testng.tests.TestBase -- Start test: [searchBoxInputTest]
10:46:04.025 [Test worker] INFO  allcom_testng.tests.TestBase -- PASSED: [searchBoxInputTest], with Parameters: [&lt;img&gt;]
10:46:04.025 [Test worker] INFO  allcom_testng.tests.TestBase -- Start test: [searchBoxInputTest]
10:46:04.941 [Test worker] INFO  allcom_testng.tests.TestBase -- PASSED: [searchBoxInputTest], with Parameters: [&lt;div&gt;]
10:46:04.941 [Test worker] INFO  allcom_testng.tests.TestBase -- Start test: [searchBoxInputTest]
10:46:05.940 [Test worker] INFO  allcom_testng.tests.TestBase -- PASSED: [searchBoxInputTest], with Parameters: [&lt;iframe&gt;]
10:46:05.941 [Test worker] INFO  allcom_testng.tests.TestBase -- Start test: [searchBoxInputTest]
10:46:06.919 [Test worker] INFO  allcom_testng.tests.TestBase -- PASSED: [searchBoxInputTest], with Parameters: [&lt;input&gt;]
10:46:06.919 [Test worker] INFO  allcom_testng.tests.TestBase -- Start test: [searchBoxInputTest]
10:46:07.957 [Test worker] INFO  allcom_testng.tests.TestBase -- PASSED: [searchBoxInputTest], with Parameters: [@@]
10:46:07.958 [Test worker] INFO  allcom_testng.tests.TestBase -- Start test: [searchBoxInputTest]
10:46:08.858 [Test worker] INFO  allcom_testng.tests.TestBase -- PASSED: [searchBoxInputTest], with Parameters: [char]
10:46:08.859 [Test worker] INFO  allcom_testng.tests.TestBase -- Start test: [searchBoxInputTest]
10:46:09.771 [Test worker] INFO  allcom_testng.tests.TestBase -- PASSED: [searchBoxInputTest], with Parameters: [nchar]
10:46:09.772 [Test worker] INFO  allcom_testng.tests.TestBase -- Start test: [searchBoxInputTest]
10:46:10.723 [Test worker] INFO  allcom_testng.tests.TestBase -- PASSED: [searchBoxInputTest], with Parameters: [varchar]
10:46:10.724 [Test worker] INFO  allcom_testng.tests.TestBase -- Start test: [searchBoxInputTest]
10:46:11.696 [Test worker] INFO  allcom_testng.tests.TestBase -- PASSED: [searchBoxInputTest], with Parameters: [nvarchar]
10:46:11.696 [Test worker] INFO  allcom_testng.tests.TestBase -- Start test: [searchBoxInputTest]
10:46:12.626 [Test worker] INFO  allcom_testng.tests.TestBase -- PASSED: [searchBoxInputTest], with Parameters: [alter]
10:46:12.627 [Test worker] INFO  allcom_testng.tests.TestBase -- Start test: [searchBoxInputTest]
10:46:13.634 [Test worker] INFO  allcom_testng.tests.TestBase -- PASSED: [searchBoxInputTest], with Parameters: [begin]
10:46:13.635 [Test worker] INFO  allcom_testng.tests.TestBase -- Start test: [searchBoxInputTest]
10:46:14.639 [Test worker] INFO  allcom_testng.tests.TestBase -- PASSED: [searchBoxInputTest], with Parameters: [cast]
10:46:14.640 [Test worker] INFO  allcom_testng.tests.TestBase -- Start test: [searchBoxInputTest]
10:46:15.624 [Test worker] INFO  allcom_testng.tests.TestBase -- PASSED: [searchBoxInputTest], with Parameters: [create]
10:46:15.625 [Test worker] INFO  allcom_testng.tests.TestBase -- Start test: [searchBoxInputTest]
10:46:16.604 [Test worker] INFO  allcom_testng.tests.TestBase -- PASSED: [searchBoxInputTest], with Parameters: [cursor]
10:46:16.606 [Test worker] INFO  allcom_testng.tests.TestBase -- Start test: [searchBoxInputTest]
10:46:17.588 [Test worker] INFO  allcom_testng.tests.TestBase -- PASSED: [searchBoxInputTest], with Parameters: [declare]
10:46:17.588 [Test worker] INFO  allcom_testng.tests.TestBase -- Start test: [searchBoxInputTest]
10:46:18.535 [Test worker] INFO  allcom_testng.tests.TestBase -- PASSED: [searchBoxInputTest], with Parameters: [delete]
10:46:18.536 [Test worker] INFO  allcom_testng.tests.TestBase -- Start test: [searchBoxInputTest]
10:46:19.495 [Test worker] INFO  allcom_testng.tests.TestBase -- PASSED: [searchBoxInputTest], with Parameters: [drop]
10:46:19.496 [Test worker] INFO  allcom_testng.tests.TestBase -- Start test: [searchBoxInputTest]
10:46:20.500 [Test worker] INFO  allcom_testng.tests.TestBase -- PASSED: [searchBoxInputTest], with Parameters: [exec]
10:46:20.501 [Test worker] INFO  allcom_testng.tests.TestBase -- Start test: [searchBoxInputTest]
10:46:21.484 [Test worker] INFO  allcom_testng.tests.TestBase -- PASSED: [searchBoxInputTest], with Parameters: [execute]
10:46:21.485 [Test worker] INFO  allcom_testng.tests.TestBase -- Start test: [searchBoxInputTest]
10:46:22.455 [Test worker] INFO  allcom_testng.tests.TestBase -- PASSED: [searchBoxInputTest], with Parameters: [fetch]
10:46:22.456 [Test worker] INFO  allcom_testng.tests.TestBase -- Start test: [searchBoxInputTest]
10:46:23.363 [Test worker] INFO  allcom_testng.tests.TestBase -- PASSED: [searchBoxInputTest], with Parameters: [insert]
10:46:23.363 [Test worker] INFO  allcom_testng.tests.TestBase -- Start test: [searchBoxInputTest]
10:46:24.385 [Test worker] INFO  allcom_testng.tests.TestBase -- PASSED: [searchBoxInputTest], with Parameters: [kill]
10:46:24.385 [Test worker] INFO  allcom_testng.tests.TestBase -- Start test: [searchBoxInputTest]
10:46:25.386 [Test worker] INFO  allcom_testng.tests.TestBase -- PASSED: [searchBoxInputTest], with Parameters: [select]
10:46:25.387 [Test worker] INFO  allcom_testng.tests.TestBase -- Start test: [searchBoxInputTest]
10:46:26.387 [Test worker] INFO  allcom_testng.tests.TestBase -- PASSED: [searchBoxInputTest], with Parameters: [sys]
10:46:26.387 [Test worker] INFO  allcom_testng.tests.TestBase -- Start test: [searchBoxInputTest]
10:46:27.398 [Test worker] INFO  allcom_testng.tests.TestBase -- PASSED: [searchBoxInputTest], with Parameters: [sysobjects]
10:46:27.399 [Test worker] INFO  allcom_testng.tests.TestBase -- Start test: [searchBoxInputTest]
10:46:28.432 [Test worker] INFO  allcom_testng.tests.TestBase -- PASSED: [searchBoxInputTest], with Parameters: [syscolumns]
10:46:28.433 [Test worker] INFO  allcom_testng.tests.TestBase -- Start test: [searchBoxInputTest]
10:46:29.446 [Test worker] INFO  allcom_testng.tests.TestBase -- PASSED: [searchBoxInputTest], with Parameters: [&lt;script&gt;&lt;/script&gt;]
10:46:29.446 [Test worker] INFO  allcom_testng.tests.TestBase -- Start test: [searchBoxInputTextTest]
10:46:30.469 [Test worker] INFO  allcom_testng.tests.TestBase -- PASSED: [searchBoxInputTextTest], with Parameters: []
10:46:30.469 [Test worker] INFO  allcom_testng.tests.TestBase -- Start test: [searchBoxIsAbsentOnLowResolution]
10:46:31.463 [Test worker] INFO  allcom_testng.tests.TestBase -- PASSED: [searchBoxIsAbsentOnLowResolution], with Parameters: []
10:46:31.463 [Test worker] INFO  allcom_testng.tests.TestBase -- Start test: [searchBoxIsClickableOnDifferentResolutions]
10:46:32.596 [Test worker] INFO  allcom_testng.tests.TestBase -- PASSED: [searchBoxIsClickableOnDifferentResolutions], with Parameters: []
10:46:32.596 [Test worker] INFO  allcom_testng.tests.TestBase -- Start test: [searchBoxIsEmptyBeforeInput]
10:46:33.441 [Test worker] INFO  allcom_testng.tests.TestBase -- PASSED: [searchBoxIsEmptyBeforeInput], with Parameters: []
10:46:33.442 [Test worker] INFO  allcom_testng.tests.TestBase -- Start test: [searchBoxIsPresent]
10:46:34.226 [Test worker] INFO  allcom_testng.tests.TestBase -- PASSED: [searchBoxIsPresent], with Parameters: []
10:46:34.226 [Test worker] INFO  allcom_testng.tests.TestBase -- Start test: [searchBoxIsPresentOnHighResolution]
10:46:40.637 [Test worker] ERROR allcom_testng.tests.TestBase -- ERROR FAILED TEST: [searchBoxIsPresentOnHighResolution], with Parameters: []
10:46:40.637 [Test worker] ERROR allcom_testng.tests.TestBase -- ERROR TEST MESSAGE: Expected condition failed: waiting for element to be clickable: [[ChromeDriver: chrome on windows (52a6f25921b2c21d074138a079296c9b)] -&gt; class name: search__input] (tried for 5 second(s) with 500 milliseconds interval)
Build info: version: '4.17.0', revision: 'e52b1be057*'
System info: os.name: 'Windows 11', os.arch: 'amd64', os.version: '10.0', java.version: '11.0.20'
Driver info: org.openqa.selenium.chrome.ChromeDriver
Capabilities {acceptInsecureCerts: false, browserName: chrome, browserVersion: 121.0.6167.161, chrome: {chromedriverVersion: 121.0.6167.85 (3f98d690ad7e..., userDataDir: C:\Users\PORTIS~1\AppData\L...}, fedcm:accounts: true, goog:chromeOptions: {debuggerAddress: localhost:55231}, networkConnectionEnabled: false, pageLoadStrategy: normal, platformName: windows, proxy: Proxy(), se:cdp: ws://localhost:55231/devtoo..., se:cdpVersion: 121.0.6167.161, setWindowRect: true, strictFileInteractability: false, timeouts: {implicit: 0, pageLoad: 300000, script: 30000}, unhandledPromptBehavior: dismiss and notify, webauthn:extension:credBlob: true, webauthn:extension:largeBlob: true, webauthn:extension:minPinLength: true, webauthn:extension:prf: true, webauthn:virtualAuthenticators: true}
Session ID: 52a6f25921b2c21d074138a079296c9b
10:46:40.637 [Test worker] ERROR allcom_testng.tests.TestBase -- ERROR TEST STACK TRACE: 
org.openqa.selenium.TimeoutException: Expected condition failed: waiting for element to be clickable: [[ChromeDriver: chrome on windows (52a6f25921b2c21d074138a079296c9b)] -&gt; class name: search__input] (tried for 5 second(s) with 500 milliseconds interval)
Build info: version: '4.17.0', revision: 'e52b1be057*'
System info: os.name: 'Windows 11', os.arch: 'amd64', os.version: '10.0', java.version: '11.0.20'
Driver info: org.openqa.selenium.chrome.ChromeDriver
Capabilities {acceptInsecureCerts: false, browserName: chrome, browserVersion: 121.0.6167.161, chrome: {chromedriverVersion: 121.0.6167.85 (3f98d690ad7e..., userDataDir: C:\Users\PORTIS~1\AppData\L...}, fedcm:accounts: true, goog:chromeOptions: {debuggerAddress: localhost:55231}, networkConnectionEnabled: false, pageLoadStrategy: normal, platformName: windows, proxy: Proxy(), se:cdp: ws://localhost:55231/devtoo..., se:cdpVersion: 121.0.6167.161, setWindowRect: true, strictFileInteractability: false, timeouts: {implicit: 0, pageLoad: 300000, script: 30000}, unhandledPromptBehavior: dismiss and notify, webauthn:extension:credBlob: true, webauthn:extension:largeBlob: true, webauthn:extension:minPinLength: true, webauthn:extension:prf: true, webauthn:virtualAuthenticators: true}
Session ID: 52a6f25921b2c21d074138a079296c9b
	at org.openqa.selenium.support.ui.WebDriverWait.timeoutException(WebDriverWait.java:84)
	at org.openqa.selenium.support.ui.FluentWait.until(FluentWait.java:228)
	at allcom_testng.tests.header.SearchBoxTests.searchBoxIsPresentOnHighResolution(SearchBoxTests.java:44)
	at java.base/jdk.internal.reflect.NativeMethodAccessorImpl.invoke0(Native Method)
	at java.base/jdk.internal.reflect.NativeMethodAccessorImpl.invoke(NativeMethodAccessorImpl.java:62)
	at java.base/jdk.internal.reflect.DelegatingMethodAccessorImpl.invoke(DelegatingMethodAccessorImpl.java:43)
	at java.base/java.lang.reflect.Method.invoke(Method.java:566)
	at org.testng.internal.invokers.MethodInvocationHelper.invokeMethod(MethodInvocationHelper.java:139)
	at org.testng.internal.invokers.TestInvoker.invokeMethod(TestInvoker.java:664)
	at org.testng.internal.invokers.TestInvoker.invokeTestMethod(TestInvoker.java:228)
	at org.testng.internal.invokers.MethodRunner.runInSequence(MethodRunner.java:63)
	at org.testng.internal.invokers.TestInvoker$MethodInvocationAgent.invoke(TestInvoker.java:961)
	at org.testng.internal.invokers.TestInvoker.invokeTestMethods(TestInvoker.java:201)
	at org.testng.internal.invokers.TestMethodWorker.invokeTestMethods(TestMethodWorker.java:148)
	at org.testng.internal.invokers.TestMethodWorker.run(TestMethodWorker.java:128)
	at java.base/java.util.ArrayList.forEach(ArrayList.java:1541)
	at org.testng.TestRunner.privateRun(TestRunner.java:819)
	at org.testng.TestRunner.run(TestRunner.java:619)
	at org.testng.SuiteRunner.runTest(SuiteRunner.java:443)
	at org.testng.SuiteRunner.runSequentially(SuiteRunner.java:437)
	at org.testng.SuiteRunner.privateRun(SuiteRunner.java:397)
	at org.testng.SuiteRunner.run(SuiteRunner.java:336)
	at org.testng.SuiteRunnerWorker.runSuite(SuiteRunnerWorker.java:52)
	at org.testng.SuiteRunnerWorker.run(SuiteRunnerWorker.java:95)
	at org.testng.TestNG.runSuitesSequentially(TestNG.java:1301)
	at org.testng.TestNG.runSuitesLocally(TestNG.java:1228)
	at org.testng.TestNG.runSuites(TestNG.java:1134)
	at org.testng.TestNG.run(TestNG.java:1101)
	at org.gradle.api.internal.tasks.testing.testng.TestNGTestClassProcessor.runTests(TestNGTestClassProcessor.java:148)
	at org.gradle.api.internal.tasks.testing.testng.TestNGTestClassProcessor.stop(TestNGTestClassProcessor.java:95)
	at org.gradle.api.internal.tasks.testing.SuiteTestClassProcessor.stop(SuiteTestClassProcessor.java:62)
	at java.base/jdk.internal.reflect.NativeMethodAccessorImpl.invoke0(Native Method)
	at java.base/jdk.internal.reflect.NativeMethodAccessorImpl.invoke(NativeMethodAccessorImpl.java:62)
	at java.base/jdk.internal.reflect.DelegatingMethodAccessorImpl.invoke(DelegatingMethodAccessorImpl.java:43)
	at java.base/java.lang.reflect.Method.invoke(Method.java:566)
	at org.gradle.internal.dispatch.ReflectionDispatch.dispatch(ReflectionDispatch.java:36)
	at org.gradle.internal.dispatch.ReflectionDispatch.dispatch(ReflectionDispatch.java:24)
	at org.gradle.internal.dispatch.ContextClassLoaderDispatch.dispatch(ContextClassLoaderDispatch.java:33)
	at org.gradle.internal.dispatch.ProxyDispatchAdapter$DispatchingInvocationHandler.invoke(ProxyDispatchAdapter.java:94)
	at com.sun.proxy.$Proxy2.stop(Unknown Source)
	at org.gradle.api.internal.tasks.testing.worker.TestWorker$3.run(TestWorker.java:193)
	at org.gradle.api.internal.tasks.testing.worker.TestWorker.executeAndMaintainThreadName(TestWorker.java:129)
	at org.gradle.api.internal.tasks.testing.worker.TestWorker.execute(TestWorker.java:100)
	at org.gradle.api.internal.tasks.testing.worker.TestWorker.execute(TestWorker.java:60)
	at org.gradle.process.internal.worker.child.ActionExecutionWorker.execute(ActionExecutionWorker.java:56)
	at org.gradle.process.internal.worker.child.SystemApplicationClassLoaderWorker.call(SystemApplicationClassLoaderWorker.java:113)
	at org.gradle.process.internal.worker.child.SystemApplicationClassLoaderWorker.call(SystemApplicationClassLoaderWorker.java:65)
	at worker.org.gradle.process.internal.worker.GradleWorkerMain.run(GradleWorkerMain.java:69)
	at worker.org.gradle.process.internal.worker.GradleWorkerMain.main(GradleWorkerMain.java:74)
10:46:40.762 [Test worker] ERROR allcom_testng.tests.TestBase -- ERROR TEST SCREENSHOT: C:\Users\PORTISHEAD\Desktop\ALLCOM\allcom_qa\src\screenshots\screenshot_error_303790.png
10:46:40.762 [Test worker] INFO  allcom_testng.tests.TestBase -- [==================================================================================================]
10:46:40.762 [Test worker] INFO  allcom_testng.tests.TestBase -- Start test: [searchButtonBottomIsAbsentOnHighResolution]
10:46:46.818 [Test worker] ERROR allcom_testng.tests.TestBase -- ERROR FAILED TEST: [searchButtonBottomIsAbsentOnHighResolution], with Parameters: []
10:46:46.818 [Test worker] ERROR allcom_testng.tests.TestBase -- ERROR TEST MESSAGE: Expected condition failed: waiting for condition to not be valid: element to be clickable: By.cssSelector: [data-testid='searchBottom'] (tried for 5 second(s) with 500 milliseconds interval)
Build info: version: '4.17.0', revision: 'e52b1be057*'
System info: os.name: 'Windows 11', os.arch: 'amd64', os.version: '10.0', java.version: '11.0.20'
Driver info: org.openqa.selenium.chrome.ChromeDriver
Capabilities {acceptInsecureCerts: false, browserName: chrome, browserVersion: 121.0.6167.161, chrome: {chromedriverVersion: 121.0.6167.85 (3f98d690ad7e..., userDataDir: C:\Users\PORTIS~1\AppData\L...}, fedcm:accounts: true, goog:chromeOptions: {debuggerAddress: localhost:55231}, networkConnectionEnabled: false, pageLoadStrategy: normal, platformName: windows, proxy: Proxy(), se:cdp: ws://localhost:55231/devtoo..., se:cdpVersion: 121.0.6167.161, setWindowRect: true, strictFileInteractability: false, timeouts: {implicit: 0, pageLoad: 300000, script: 30000}, unhandledPromptBehavior: dismiss and notify, webauthn:extension:credBlob: true, webauthn:extension:largeBlob: true, webauthn:extension:minPinLength: true, webauthn:extension:prf: true, webauthn:virtualAuthenticators: true}
Session ID: 52a6f25921b2c21d074138a079296c9b
10:46:46.818 [Test worker] ERROR allcom_testng.tests.TestBase -- ERROR TEST STACK TRACE: 
org.openqa.selenium.TimeoutException: Expected condition failed: waiting for condition to not be valid: element to be clickable: By.cssSelector: [data-testid='searchBottom'] (tried for 5 second(s) with 500 milliseconds interval)
Build info: version: '4.17.0', revision: 'e52b1be057*'
System info: os.name: 'Windows 11', os.arch: 'amd64', os.version: '10.0', java.version: '11.0.20'
Driver info: org.openqa.selenium.chrome.ChromeDriver
Capabilities {acceptInsecureCerts: false, browserName: chrome, browserVersion: 121.0.6167.161, chrome: {chromedriverVersion: 121.0.6167.85 (3f98d690ad7e..., userDataDir: C:\Users\PORTIS~1\AppData\L...}, fedcm:accounts: true, goog:chromeOptions: {debuggerAddress: localhost:55231}, networkConnectionEnabled: false, pageLoadStrategy: normal, platformName: windows, proxy: Proxy(), se:cdp: ws://localhost:55231/devtoo..., se:cdpVersion: 121.0.6167.161, setWindowRect: true, strictFileInteractability: false, timeouts: {implicit: 0, pageLoad: 300000, script: 30000}, unhandledPromptBehavior: dismiss and notify, webauthn:extension:credBlob: true, webauthn:extension:largeBlob: true, webauthn:extension:minPinLength: true, webauthn:extension:prf: true, webauthn:virtualAuthenticators: true}
Session ID: 52a6f25921b2c21d074138a079296c9b
	at org.openqa.selenium.support.ui.WebDriverWait.timeoutException(WebDriverWait.java:84)
	at org.openqa.selenium.support.ui.FluentWait.until(FluentWait.java:228)
	at allcom_testng.tests.header.SearchBoxTests.searchButtonBottomIsAbsentOnHighResolution(SearchBoxTests.java:62)
	at java.base/jdk.internal.reflect.NativeMethodAccessorImpl.invoke0(Native Method)
	at java.base/jdk.internal.reflect.NativeMethodAccessorImpl.invoke(NativeMethodAccessorImpl.java:62)
	at java.base/jdk.internal.reflect.DelegatingMethodAccessorImpl.invoke(DelegatingMethodAccessorImpl.java:43)
	at java.base/java.lang.reflect.Method.invoke(Method.java:566)
	at org.testng.internal.invokers.MethodInvocationHelper.invokeMethod(MethodInvocationHelper.java:139)
	at org.testng.internal.invokers.TestInvoker.invokeMethod(TestInvoker.java:664)
	at org.testng.internal.invokers.TestInvoker.invokeTestMethod(TestInvoker.java:228)
	at org.testng.internal.invokers.MethodRunner.runInSequence(MethodRunner.java:63)
	at org.testng.internal.invokers.TestInvoker$MethodInvocationAgent.invoke(TestInvoker.java:961)
	at org.testng.internal.invokers.TestInvoker.invokeTestMethods(TestInvoker.java:201)
	at org.testng.internal.invokers.TestMethodWorker.invokeTestMethods(TestMethodWorker.java:148)
	at org.testng.internal.invokers.TestMethodWorker.run(TestMethodWorker.java:128)
	at java.base/java.util.ArrayList.forEach(ArrayList.java:1541)
	at org.testng.TestRunner.privateRun(TestRunner.java:819)
	at org.testng.TestRunner.run(TestRunner.java:619)
	at org.testng.SuiteRunner.runTest(SuiteRunner.java:443)
	at org.testng.SuiteRunner.runSequentially(SuiteRunner.java:437)
	at org.testng.SuiteRunner.privateRun(SuiteRunner.java:397)
	at org.testng.SuiteRunner.run(SuiteRunner.java:336)
	at org.testng.SuiteRunnerWorker.runSuite(SuiteRunnerWorker.java:52)
	at org.testng.SuiteRunnerWorker.run(SuiteRunnerWorker.java:95)
	at org.testng.TestNG.runSuitesSequentially(TestNG.java:1301)
	at org.testng.TestNG.runSuitesLocally(TestNG.java:1228)
	at org.testng.TestNG.runSuites(TestNG.java:1134)
	at org.testng.TestNG.run(TestNG.java:1101)
	at org.gradle.api.internal.tasks.testing.testng.TestNGTestClassProcessor.runTests(TestNGTestClassProcessor.java:148)
	at org.gradle.api.internal.tasks.testing.testng.TestNGTestClassProcessor.stop(TestNGTestClassProcessor.java:95)
	at org.gradle.api.internal.tasks.testing.SuiteTestClassProcessor.stop(SuiteTestClassProcessor.java:62)
	at java.base/jdk.internal.reflect.NativeMethodAccessorImpl.invoke0(Native Method)
	at java.base/jdk.internal.reflect.NativeMethodAccessorImpl.invoke(NativeMethodAccessorImpl.java:62)
	at java.base/jdk.internal.reflect.DelegatingMethodAccessorImpl.invoke(DelegatingMethodAccessorImpl.java:43)
	at java.base/java.lang.reflect.Method.invoke(Method.java:566)
	at org.gradle.internal.dispatch.ReflectionDispatch.dispatch(ReflectionDispatch.java:36)
	at org.gradle.internal.dispatch.ReflectionDispatch.dispatch(ReflectionDispatch.java:24)
	at org.gradle.internal.dispatch.ContextClassLoaderDispatch.dispatch(ContextClassLoaderDispatch.java:33)
	at org.gradle.internal.dispatch.ProxyDispatchAdapter$DispatchingInvocationHandler.invoke(ProxyDispatchAdapter.java:94)
	at com.sun.proxy.$Proxy2.stop(Unknown Source)
	at org.gradle.api.internal.tasks.testing.worker.TestWorker$3.run(TestWorker.java:193)
	at org.gradle.api.internal.tasks.testing.worker.TestWorker.executeAndMaintainThreadName(TestWorker.java:129)
	at org.gradle.api.internal.tasks.testing.worker.TestWorker.execute(TestWorker.java:100)
	at org.gradle.api.internal.tasks.testing.worker.TestWorker.execute(TestWorker.java:60)
	at org.gradle.process.internal.worker.child.ActionExecutionWorker.execute(ActionExecutionWorker.java:56)
	at org.gradle.process.internal.worker.child.SystemApplicationClassLoaderWorker.call(SystemApplicationClassLoaderWorker.java:113)
	at org.gradle.process.internal.worker.child.SystemApplicationClassLoaderWorker.call(SystemApplicationClassLoaderWorker.java:65)
	at worker.org.gradle.process.internal.worker.GradleWorkerMain.run(GradleWorkerMain.java:69)
	at worker.org.gradle.process.internal.worker.GradleWorkerMain.main(GradleWorkerMain.java:74)
10:46:46.944 [Test worker] ERROR allcom_testng.tests.TestBase -- ERROR TEST SCREENSHOT: C:\Users\PORTISHEAD\Desktop\ALLCOM\allcom_qa\src\screenshots\screenshot_error_303796.png
10:46:46.944 [Test worker] INFO  allcom_testng.tests.TestBase -- [==================================================================================================]
10:46:46.945 [Test worker] INFO  allcom_testng.tests.TestBase -- Start test: [searchButtonBottomIsClickable]
10:46:48.170 [Test worker] INFO  allcom_testng.tests.TestBase -- PASSED: [searchButtonBottomIsClickable], with Parameters: []
10:46:48.170 [Test worker] INFO  allcom_testng.tests.TestBase -- Start test: [searchButtonBottomIsPresentOnLowResolution]
10:46:49.371 [Test worker] INFO  allcom_testng.tests.TestBase -- PASSED: [searchButtonBottomIsPresentOnLowResolution], with Parameters: []
10:46:49.372 [Test worker] INFO  allcom_testng.tests.TestBase -- Start test: [searchRedirectsToCorrectPageTest]
10:46:55.937 [Test worker] ERROR allcom_testng.tests.TestBase -- ERROR FAILED TEST: [searchRedirectsToCorrectPageTest], with Parameters: []
10:46:55.937 [Test worker] ERROR allcom_testng.tests.TestBase -- ERROR TEST MESSAGE: Expected condition failed: waiting for element to be clickable: [[ChromeDriver: chrome on windows (52a6f25921b2c21d074138a079296c9b)] -&gt; class name: search__input] (tried for 5 second(s) with 500 milliseconds interval)
Build info: version: '4.17.0', revision: 'e52b1be057*'
System info: os.name: 'Windows 11', os.arch: 'amd64', os.version: '10.0', java.version: '11.0.20'
Driver info: org.openqa.selenium.chrome.ChromeDriver
Capabilities {acceptInsecureCerts: false, browserName: chrome, browserVersion: 121.0.6167.161, chrome: {chromedriverVersion: 121.0.6167.85 (3f98d690ad7e..., userDataDir: C:\Users\PORTIS~1\AppData\L...}, fedcm:accounts: true, goog:chromeOptions: {debuggerAddress: localhost:55231}, networkConnectionEnabled: false, pageLoadStrategy: normal, platformName: windows, proxy: Proxy(), se:cdp: ws://localhost:55231/devtoo..., se:cdpVersion: 121.0.6167.161, setWindowRect: true, strictFileInteractability: false, timeouts: {implicit: 0, pageLoad: 300000, script: 30000}, unhandledPromptBehavior: dismiss and notify, webauthn:extension:credBlob: true, webauthn:extension:largeBlob: true, webauthn:extension:minPinLength: true, webauthn:extension:prf: true, webauthn:virtualAuthenticators: true}
Session ID: 52a6f25921b2c21d074138a079296c9b
10:46:55.937 [Test worker] ERROR allcom_testng.tests.TestBase -- ERROR TEST STACK TRACE: 
org.openqa.selenium.TimeoutException: Expected condition failed: waiting for element to be clickable: [[ChromeDriver: chrome on windows (52a6f25921b2c21d074138a079296c9b)] -&gt; class name: search__input] (tried for 5 second(s) with 500 milliseconds interval)
Build info: version: '4.17.0', revision: 'e52b1be057*'
System info: os.name: 'Windows 11', os.arch: 'amd64', os.version: '10.0', java.version: '11.0.20'
Driver info: org.openqa.selenium.chrome.ChromeDriver
Capabilities {acceptInsecureCerts: false, browserName: chrome, browserVersion: 121.0.6167.161, chrome: {chromedriverVersion: 121.0.6167.85 (3f98d690ad7e..., userDataDir: C:\Users\PORTIS~1\AppData\L...}, fedcm:accounts: true, goog:chromeOptions: {debuggerAddress: localhost:55231}, networkConnectionEnabled: false, pageLoadStrategy: normal, platformName: windows, proxy: Proxy(), se:cdp: ws://localhost:55231/devtoo..., se:cdpVersion: 121.0.6167.161, setWindowRect: true, strictFileInteractability: false, timeouts: {implicit: 0, pageLoad: 300000, script: 30000}, unhandledPromptBehavior: dismiss and notify, webauthn:extension:credBlob: true, webauthn:extension:largeBlob: true, webauthn:extension:minPinLength: true, webauthn:extension:prf: true, webauthn:virtualAuthenticators: true}
Session ID: 52a6f25921b2c21d074138a079296c9b
	at org.openqa.selenium.support.ui.WebDriverWait.timeoutException(WebDriverWait.java:84)
	at org.openqa.selenium.support.ui.FluentWait.until(FluentWait.java:228)
	at allcom_testng.pages.BasePage.type(BasePage.java:70)
	at allcom_testng.tests.header.SearchBoxTests.searchRedirectsToCorrectPageTest(SearchBoxTests.java:112)
	at java.base/jdk.internal.reflect.NativeMethodAccessorImpl.invoke0(Native Method)
	at java.base/jdk.internal.reflect.NativeMethodAccessorImpl.invoke(NativeMethodAccessorImpl.java:62)
	at java.base/jdk.internal.reflect.DelegatingMethodAccessorImpl.invoke(DelegatingMethodAccessorImpl.java:43)
	at java.base/java.lang.reflect.Method.invoke(Method.java:566)
	at org.testng.internal.invokers.MethodInvocationHelper.invokeMethod(MethodInvocationHelper.java:139)
	at org.testng.internal.invokers.TestInvoker.invokeMethod(TestInvoker.java:664)
	at org.testng.internal.invokers.TestInvoker.invokeTestMethod(TestInvoker.java:228)
	at org.testng.internal.invokers.MethodRunner.runInSequence(MethodRunner.java:63)
	at org.testng.internal.invokers.TestInvoker$MethodInvocationAgent.invoke(TestInvoker.java:961)
	at org.testng.internal.invokers.TestInvoker.invokeTestMethods(TestInvoker.java:201)
	at org.testng.internal.invokers.TestMethodWorker.invokeTestMethods(TestMethodWorker.java:148)
	at org.testng.internal.invokers.TestMethodWorker.run(TestMethodWorker.java:128)
	at java.base/java.util.ArrayList.forEach(ArrayList.java:1541)
	at org.testng.TestRunner.privateRun(TestRunner.java:819)
	at org.testng.TestRunner.run(TestRunner.java:619)
	at org.testng.SuiteRunner.runTest(SuiteRunner.java:443)
	at org.testng.SuiteRunner.runSequentially(SuiteRunner.java:437)
	at org.testng.SuiteRunner.privateRun(SuiteRunner.java:397)
	at org.testng.SuiteRunner.run(SuiteRunner.java:336)
	at org.testng.SuiteRunnerWorker.runSuite(SuiteRunnerWorker.java:52)
	at org.testng.SuiteRunnerWorker.run(SuiteRunnerWorker.java:95)
	at org.testng.TestNG.runSuitesSequentially(TestNG.java:1301)
	at org.testng.TestNG.runSuitesLocally(TestNG.java:1228)
	at org.testng.TestNG.runSuites(TestNG.java:1134)
	at org.testng.TestNG.run(TestNG.java:1101)
	at org.gradle.api.internal.tasks.testing.testng.TestNGTestClassProcessor.runTests(TestNGTestClassProcessor.java:148)
	at org.gradle.api.internal.tasks.testing.testng.TestNGTestClassProcessor.stop(TestNGTestClassProcessor.java:95)
	at org.gradle.api.internal.tasks.testing.SuiteTestClassProcessor.stop(SuiteTestClassProcessor.java:62)
	at java.base/jdk.internal.reflect.NativeMethodAccessorImpl.invoke0(Native Method)
	at java.base/jdk.internal.reflect.NativeMethodAccessorImpl.invoke(NativeMethodAccessorImpl.java:62)
	at java.base/jdk.internal.reflect.DelegatingMethodAccessorImpl.invoke(DelegatingMethodAccessorImpl.java:43)
	at java.base/java.lang.reflect.Method.invoke(Method.java:566)
	at org.gradle.internal.dispatch.ReflectionDispatch.dispatch(ReflectionDispatch.java:36)
	at org.gradle.internal.dispatch.ReflectionDispatch.dispatch(ReflectionDispatch.java:24)
	at org.gradle.internal.dispatch.ContextClassLoaderDispatch.dispatch(ContextClassLoaderDispatch.java:33)
	at org.gradle.internal.dispatch.ProxyDispatchAdapter$DispatchingInvocationHandler.invoke(ProxyDispatchAdapter.java:94)
	at com.sun.proxy.$Proxy2.stop(Unknown Source)
	at org.gradle.api.internal.tasks.testing.worker.TestWorker$3.run(TestWorker.java:193)
	at org.gradle.api.internal.tasks.testing.worker.TestWorker.executeAndMaintainThreadName(TestWorker.java:129)
	at org.gradle.api.internal.tasks.testing.worker.TestWorker.execute(TestWorker.java:100)
	at org.gradle.api.internal.tasks.testing.worker.TestWorker.execute(TestWorker.java:60)
	at org.gradle.process.internal.worker.child.ActionExecutionWorker.execute(ActionExecutionWorker.java:56)
	at org.gradle.process.internal.worker.child.SystemApplicationClassLoaderWorker.call(SystemApplicationClassLoaderWorker.java:113)
	at org.gradle.process.internal.worker.child.SystemApplicationClassLoaderWorker.call(SystemApplicationClassLoaderWorker.java:65)
	at worker.org.gradle.process.internal.worker.GradleWorkerMain.run(GradleWorkerMain.java:69)
	at worker.org.gradle.process.internal.worker.GradleWorkerMain.main(GradleWorkerMain.java:74)
10:46:56.050 [Test worker] ERROR allcom_testng.tests.TestBase -- ERROR TEST SCREENSHOT: C:\Users\PORTISHEAD\Desktop\ALLCOM\allcom_qa\src\screenshots\screenshot_error_303805.png
10:46:56.050 [Test worker] INFO  allcom_testng.tests.TestBase -- [==================================================================================================]
10:46:56.052 [Test worker] INFO  allcom_testng.tests.TestBase -- Start test: [validateSearchWithIncorrectData]
10:47:02.799 [Test worker] ERROR allcom_testng.tests.TestBase -- ERROR FAILED TEST: [validateSearchWithIncorrectData], with Parameters: []
10:47:02.800 [Test worker] ERROR allcom_testng.tests.TestBase -- ERROR TEST MESSAGE: Expected condition failed: waiting for element to be clickable: [[ChromeDriver: chrome on windows (52a6f25921b2c21d074138a079296c9b)] -&gt; class name: search__input] (tried for 5 second(s) with 500 milliseconds interval)
Build info: version: '4.17.0', revision: 'e52b1be057*'
System info: os.name: 'Windows 11', os.arch: 'amd64', os.version: '10.0', java.version: '11.0.20'
Driver info: org.openqa.selenium.chrome.ChromeDriver
Capabilities {acceptInsecureCerts: false, browserName: chrome, browserVersion: 121.0.6167.161, chrome: {chromedriverVersion: 121.0.6167.85 (3f98d690ad7e..., userDataDir: C:\Users\PORTIS~1\AppData\L...}, fedcm:accounts: true, goog:chromeOptions: {debuggerAddress: localhost:55231}, networkConnectionEnabled: false, pageLoadStrategy: normal, platformName: windows, proxy: Proxy(), se:cdp: ws://localhost:55231/devtoo..., se:cdpVersion: 121.0.6167.161, setWindowRect: true, strictFileInteractability: false, timeouts: {implicit: 0, pageLoad: 300000, script: 30000}, unhandledPromptBehavior: dismiss and notify, webauthn:extension:credBlob: true, webauthn:extension:largeBlob: true, webauthn:extension:minPinLength: true, webauthn:extension:prf: true, webauthn:virtualAuthenticators: true}
Session ID: 52a6f25921b2c21d074138a079296c9b
10:47:02.800 [Test worker] ERROR allcom_testng.tests.TestBase -- ERROR TEST STACK TRACE: 
org.openqa.selenium.TimeoutException: Expected condition failed: waiting for element to be clickable: [[ChromeDriver: chrome on windows (52a6f25921b2c21d074138a079296c9b)] -&gt; class name: search__input] (tried for 5 second(s) with 500 milliseconds interval)
Build info: version: '4.17.0', revision: 'e52b1be057*'
System info: os.name: 'Windows 11', os.arch: 'amd64', os.version: '10.0', java.version: '11.0.20'
Driver info: org.openqa.selenium.chrome.ChromeDriver
Capabilities {acceptInsecureCerts: false, browserName: chrome, browserVersion: 121.0.6167.161, chrome: {chromedriverVersion: 121.0.6167.85 (3f98d690ad7e..., userDataDir: C:\Users\PORTIS~1\AppData\L...}, fedcm:accounts: true, goog:chromeOptions: {debuggerAddress: localhost:55231}, networkConnectionEnabled: false, pageLoadStrategy: normal, platformName: windows, proxy: Proxy(), se:cdp: ws://localhost:55231/devtoo..., se:cdpVersion: 121.0.6167.161, setWindowRect: true, strictFileInteractability: false, timeouts: {implicit: 0, pageLoad: 300000, script: 30000}, unhandledPromptBehavior: dismiss and notify, webauthn:extension:credBlob: true, webauthn:extension:largeBlob: true, webauthn:extension:minPinLength: true, webauthn:extension:prf: true, webauthn:virtualAuthenticators: true}
Session ID: 52a6f25921b2c21d074138a079296c9b
	at org.openqa.selenium.support.ui.WebDriverWait.timeoutException(WebDriverWait.java:84)
	at org.openqa.selenium.support.ui.FluentWait.until(FluentWait.java:228)
	at allcom_testng.pages.BasePage.type(BasePage.java:70)
	at allcom_testng.tests.header.SearchBoxTests.validateSearchWithIncorrectData(SearchBoxTests.java:126)
	at java.base/jdk.internal.reflect.NativeMethodAccessorImpl.invoke0(Native Method)
	at java.base/jdk.internal.reflect.NativeMethodAccessorImpl.invoke(NativeMethodAccessorImpl.java:62)
	at java.base/jdk.internal.reflect.DelegatingMethodAccessorImpl.invoke(DelegatingMethodAccessorImpl.java:43)
	at java.base/java.lang.reflect.Method.invoke(Method.java:566)
	at org.testng.internal.invokers.MethodInvocationHelper.invokeMethod(MethodInvocationHelper.java:139)
	at org.testng.internal.invokers.TestInvoker.invokeMethod(TestInvoker.java:664)
	at org.testng.internal.invokers.TestInvoker.invokeTestMethod(TestInvoker.java:228)
	at org.testng.internal.invokers.MethodRunner.runInSequence(MethodRunner.java:63)
	at org.testng.internal.invokers.TestInvoker$MethodInvocationAgent.invoke(TestInvoker.java:961)
	at org.testng.internal.invokers.TestInvoker.invokeTestMethods(TestInvoker.java:201)
	at org.testng.internal.invokers.TestMethodWorker.invokeTestMethods(TestMethodWorker.java:148)
	at org.testng.internal.invokers.TestMethodWorker.run(TestMethodWorker.java:128)
	at java.base/java.util.ArrayList.forEach(ArrayList.java:1541)
	at org.testng.TestRunner.privateRun(TestRunner.java:819)
	at org.testng.TestRunner.run(TestRunner.java:619)
	at org.testng.SuiteRunner.runTest(SuiteRunner.java:443)
	at org.testng.SuiteRunner.runSequentially(SuiteRunner.java:437)
	at org.testng.SuiteRunner.privateRun(SuiteRunner.java:397)
	at org.testng.SuiteRunner.run(SuiteRunner.java:336)
	at org.testng.SuiteRunnerWorker.runSuite(SuiteRunnerWorker.java:52)
	at org.testng.SuiteRunnerWorker.run(SuiteRunnerWorker.java:95)
	at org.testng.TestNG.runSuitesSequentially(TestNG.java:1301)
	at org.testng.TestNG.runSuitesLocally(TestNG.java:1228)
	at org.testng.TestNG.runSuites(TestNG.java:1134)
	at org.testng.TestNG.run(TestNG.java:1101)
	at org.gradle.api.internal.tasks.testing.testng.TestNGTestClassProcessor.runTests(TestNGTestClassProcessor.java:148)
	at org.gradle.api.internal.tasks.testing.testng.TestNGTestClassProcessor.stop(TestNGTestClassProcessor.java:95)
	at org.gradle.api.internal.tasks.testing.SuiteTestClassProcessor.stop(SuiteTestClassProcessor.java:62)
	at java.base/jdk.internal.reflect.NativeMethodAccessorImpl.invoke0(Native Method)
	at java.base/jdk.internal.reflect.NativeMethodAccessorImpl.invoke(NativeMethodAccessorImpl.java:62)
	at java.base/jdk.internal.reflect.DelegatingMethodAccessorImpl.invoke(DelegatingMethodAccessorImpl.java:43)
	at java.base/java.lang.reflect.Method.invoke(Method.java:566)
	at org.gradle.internal.dispatch.ReflectionDispatch.dispatch(ReflectionDispatch.java:36)
	at org.gradle.internal.dispatch.ReflectionDispatch.dispatch(ReflectionDispatch.java:24)
	at org.gradle.internal.dispatch.ContextClassLoaderDispatch.dispatch(ContextClassLoaderDispatch.java:33)
	at org.gradle.internal.dispatch.ProxyDispatchAdapter$DispatchingInvocationHandler.invoke(ProxyDispatchAdapter.java:94)
	at com.sun.proxy.$Proxy2.stop(Unknown Source)
	at org.gradle.api.internal.tasks.testing.worker.TestWorker$3.run(TestWorker.java:193)
	at org.gradle.api.internal.tasks.testing.worker.TestWorker.executeAndMaintainThreadName(TestWorker.java:129)
	at org.gradle.api.internal.tasks.testing.worker.TestWorker.execute(TestWorker.java:100)
	at org.gradle.api.internal.tasks.testing.worker.TestWorker.execute(TestWorker.java:60)
	at org.gradle.process.internal.worker.child.ActionExecutionWorker.execute(ActionExecutionWorker.java:56)
	at org.gradle.process.internal.worker.child.SystemApplicationClassLoaderWorker.call(SystemApplicationClassLoaderWorker.java:113)
	at org.gradle.process.internal.worker.child.SystemApplicationClassLoaderWorker.call(SystemApplicationClassLoaderWorker.java:65)
	at worker.org.gradle.process.internal.worker.GradleWorkerMain.run(GradleWorkerMain.java:69)
	at worker.org.gradle.process.internal.worker.GradleWorkerMain.main(GradleWorkerMain.java:74)
10:47:02.923 [Test worker] ERROR allcom_testng.tests.TestBase -- ERROR TEST SCREENSHOT: C:\Users\PORTISHEAD\Desktop\ALLCOM\allcom_qa\src\screenshots\screenshot_error_303812.png
10:47:02.923 [Test worker] INFO  allcom_testng.tests.TestBase -- [==================================================================================================]
10:47:02.923 [Test worker] INFO  allcom_testng.tests.TestBase -- Start test: [validateSearchWithIncorrectData]
10:47:09.533 [Test worker] ERROR allcom_testng.tests.TestBase -- ERROR FAILED TEST: [validateSearchWithIncorrectData], with Parameters: [В ]
10:47:09.534 [Test worker] ERROR allcom_testng.tests.TestBase -- ERROR TEST MESSAGE: Expected condition failed: waiting for element to be clickable: [[ChromeDriver: chrome on windows (52a6f25921b2c21d074138a079296c9b)] -&gt; class name: search__input] (tried for 5 second(s) with 500 milliseconds interval)
Build info: version: '4.17.0', revision: 'e52b1be057*'
System info: os.name: 'Windows 11', os.arch: 'amd64', os.version: '10.0', java.version: '11.0.20'
Driver info: org.openqa.selenium.chrome.ChromeDriver
Capabilities {acceptInsecureCerts: false, browserName: chrome, browserVersion: 121.0.6167.161, chrome: {chromedriverVersion: 121.0.6167.85 (3f98d690ad7e..., userDataDir: C:\Users\PORTIS~1\AppData\L...}, fedcm:accounts: true, goog:chromeOptions: {debuggerAddress: localhost:55231}, networkConnectionEnabled: false, pageLoadStrategy: normal, platformName: windows, proxy: Proxy(), se:cdp: ws://localhost:55231/devtoo..., se:cdpVersion: 121.0.6167.161, setWindowRect: true, strictFileInteractability: false, timeouts: {implicit: 0, pageLoad: 300000, script: 30000}, unhandledPromptBehavior: dismiss and notify, webauthn:extension:credBlob: true, webauthn:extension:largeBlob: true, webauthn:extension:minPinLength: true, webauthn:extension:prf: true, webauthn:virtualAuthenticators: true}
Session ID: 52a6f25921b2c21d074138a079296c9b
10:47:09.534 [Test worker] ERROR allcom_testng.tests.TestBase -- ERROR TEST STACK TRACE: 
org.openqa.selenium.TimeoutException: Expected condition failed: waiting for element to be clickable: [[ChromeDriver: chrome on windows (52a6f25921b2c21d074138a079296c9b)] -&gt; class name: search__input] (tried for 5 second(s) with 500 milliseconds interval)
Build info: version: '4.17.0', revision: 'e52b1be057*'
System info: os.name: 'Windows 11', os.arch: 'amd64', os.version: '10.0', java.version: '11.0.20'
Driver info: org.openqa.selenium.chrome.ChromeDriver
Capabilities {acceptInsecureCerts: false, browserName: chrome, browserVersion: 121.0.6167.161, chrome: {chromedriverVersion: 121.0.6167.85 (3f98d690ad7e..., userDataDir: C:\Users\PORTIS~1\AppData\L...}, fedcm:accounts: true, goog:chromeOptions: {debuggerAddress: localhost:55231}, networkConnectionEnabled: false, pageLoadStrategy: normal, platformName: windows, proxy: Proxy(), se:cdp: ws://localhost:55231/devtoo..., se:cdpVersion: 121.0.6167.161, setWindowRect: true, strictFileInteractability: false, timeouts: {implicit: 0, pageLoad: 300000, script: 30000}, unhandledPromptBehavior: dismiss and notify, webauthn:extension:credBlob: true, webauthn:extension:largeBlob: true, webauthn:extension:minPinLength: true, webauthn:extension:prf: true, webauthn:virtualAuthenticators: true}
Session ID: 52a6f25921b2c21d074138a079296c9b
	at org.openqa.selenium.support.ui.WebDriverWait.timeoutException(WebDriverWait.java:84)
	at org.openqa.selenium.support.ui.FluentWait.until(FluentWait.java:228)
	at allcom_testng.pages.BasePage.type(BasePage.java:70)
	at allcom_testng.tests.header.SearchBoxTests.validateSearchWithIncorrectData(SearchBoxTests.java:126)
	at java.base/jdk.internal.reflect.NativeMethodAccessorImpl.invoke0(Native Method)
	at java.base/jdk.internal.reflect.NativeMethodAccessorImpl.invoke(NativeMethodAccessorImpl.java:62)
	at java.base/jdk.internal.reflect.DelegatingMethodAccessorImpl.invoke(DelegatingMethodAccessorImpl.java:43)
	at java.base/java.lang.reflect.Method.invoke(Method.java:566)
	at org.testng.internal.invokers.MethodInvocationHelper.invokeMethod(MethodInvocationHelper.java:139)
	at org.testng.internal.invokers.TestInvoker.invokeMethod(TestInvoker.java:664)
	at org.testng.internal.invokers.TestInvoker.invokeTestMethod(TestInvoker.java:228)
	at org.testng.internal.invokers.MethodRunner.runInSequence(MethodRunner.java:63)
	at org.testng.internal.invokers.TestInvoker$MethodInvocationAgent.invoke(TestInvoker.java:961)
	at org.testng.internal.invokers.TestInvoker.invokeTestMethods(TestInvoker.java:201)
	at org.testng.internal.invokers.TestMethodWorker.invokeTestMethods(TestMethodWorker.java:148)
	at org.testng.internal.invokers.TestMethodWorker.run(TestMethodWorker.java:128)
	at java.base/java.util.ArrayList.forEach(ArrayList.java:1541)
	at org.testng.TestRunner.privateRun(TestRunner.java:819)
	at org.testng.TestRunner.run(TestRunner.java:619)
	at org.testng.SuiteRunner.runTest(SuiteRunner.java:443)
	at org.testng.SuiteRunner.runSequentially(SuiteRunner.java:437)
	at org.testng.SuiteRunner.privateRun(SuiteRunner.java:397)
	at org.testng.SuiteRunner.run(SuiteRunner.java:336)
	at org.testng.SuiteRunnerWorker.runSuite(SuiteRunnerWorker.java:52)
	at org.testng.SuiteRunnerWorker.run(SuiteRunnerWorker.java:95)
	at org.testng.TestNG.runSuitesSequentially(TestNG.java:1301)
	at org.testng.TestNG.runSuitesLocally(TestNG.java:1228)
	at org.testng.TestNG.runSuites(TestNG.java:1134)
	at org.testng.TestNG.run(TestNG.java:1101)
	at org.gradle.api.internal.tasks.testing.testng.TestNGTestClassProcessor.runTests(TestNGTestClassProcessor.java:148)
	at org.gradle.api.internal.tasks.testing.testng.TestNGTestClassProcessor.stop(TestNGTestClassProcessor.java:95)
	at org.gradle.api.internal.tasks.testing.SuiteTestClassProcessor.stop(SuiteTestClassProcessor.java:62)
	at java.base/jdk.internal.reflect.NativeMethodAccessorImpl.invoke0(Native Method)
	at java.base/jdk.internal.reflect.NativeMethodAccessorImpl.invoke(NativeMethodAccessorImpl.java:62)
	at java.base/jdk.internal.reflect.DelegatingMethodAccessorImpl.invoke(DelegatingMethodAccessorImpl.java:43)
	at java.base/java.lang.reflect.Method.invoke(Method.java:566)
	at org.gradle.internal.dispatch.ReflectionDispatch.dispatch(ReflectionDispatch.java:36)
	at org.gradle.internal.dispatch.ReflectionDispatch.dispatch(ReflectionDispatch.java:24)
	at org.gradle.internal.dispatch.ContextClassLoaderDispatch.dispatch(ContextClassLoaderDispatch.java:33)
	at org.gradle.internal.dispatch.ProxyDispatchAdapter$DispatchingInvocationHandler.invoke(ProxyDispatchAdapter.java:94)
	at com.sun.proxy.$Proxy2.stop(Unknown Source)
	at org.gradle.api.internal.tasks.testing.worker.TestWorker$3.run(TestWorker.java:193)
	at org.gradle.api.internal.tasks.testing.worker.TestWorker.executeAndMaintainThreadName(TestWorker.java:129)
	at org.gradle.api.internal.tasks.testing.worker.TestWorker.execute(TestWorker.java:100)
	at org.gradle.api.internal.tasks.testing.worker.TestWorker.execute(TestWorker.java:60)
	at org.gradle.process.internal.worker.child.ActionExecutionWorker.execute(ActionExecutionWorker.java:56)
	at org.gradle.process.internal.worker.child.SystemApplicationClassLoaderWorker.call(SystemApplicationClassLoaderWorker.java:113)
	at org.gradle.process.internal.worker.child.SystemApplicationClassLoaderWorker.call(SystemApplicationClassLoaderWorker.java:65)
	at worker.org.gradle.process.internal.worker.GradleWorkerMain.run(GradleWorkerMain.java:69)
	at worker.org.gradle.process.internal.worker.GradleWorkerMain.main(GradleWorkerMain.java:74)
10:47:09.654 [Test worker] ERROR allcom_testng.tests.TestBase -- ERROR TEST SCREENSHOT: C:\Users\PORTISHEAD\Desktop\ALLCOM\allcom_qa\src\screenshots\screenshot_error_303819.png
10:47:09.654 [Test worker] INFO  allcom_testng.tests.TestBase -- [==================================================================================================]
10:47:09.654 [Test worker] INFO  allcom_testng.tests.TestBase -- Start test: [validateSearchWithIncorrectData]
10:47:16.375 [Test worker] ERROR allcom_testng.tests.TestBase -- ERROR FAILED TEST: [validateSearchWithIncorrectData], with Parameters: [&lt;script&gt;]
10:47:16.375 [Test worker] ERROR allcom_testng.tests.TestBase -- ERROR TEST MESSAGE: Expected condition failed: waiting for element to be clickable: [[ChromeDriver: chrome on windows (52a6f25921b2c21d074138a079296c9b)] -&gt; class name: search__input] (tried for 5 second(s) with 500 milliseconds interval)
Build info: version: '4.17.0', revision: 'e52b1be057*'
System info: os.name: 'Windows 11', os.arch: 'amd64', os.version: '10.0', java.version: '11.0.20'
Driver info: org.openqa.selenium.chrome.ChromeDriver
Capabilities {acceptInsecureCerts: false, browserName: chrome, browserVersion: 121.0.6167.161, chrome: {chromedriverVersion: 121.0.6167.85 (3f98d690ad7e..., userDataDir: C:\Users\PORTIS~1\AppData\L...}, fedcm:accounts: true, goog:chromeOptions: {debuggerAddress: localhost:55231}, networkConnectionEnabled: false, pageLoadStrategy: normal, platformName: windows, proxy: Proxy(), se:cdp: ws://localhost:55231/devtoo..., se:cdpVersion: 121.0.6167.161, setWindowRect: true, strictFileInteractability: false, timeouts: {implicit: 0, pageLoad: 300000, script: 30000}, unhandledPromptBehavior: dismiss and notify, webauthn:extension:credBlob: true, webauthn:extension:largeBlob: true, webauthn:extension:minPinLength: true, webauthn:extension:prf: true, webauthn:virtualAuthenticators: true}
Session ID: 52a6f25921b2c21d074138a079296c9b
10:47:16.375 [Test worker] ERROR allcom_testng.tests.TestBase -- ERROR TEST STACK TRACE: 
org.openqa.selenium.TimeoutException: Expected condition failed: waiting for element to be clickable: [[ChromeDriver: chrome on windows (52a6f25921b2c21d074138a079296c9b)] -&gt; class name: search__input] (tried for 5 second(s) with 500 milliseconds interval)
Build info: version: '4.17.0', revision: 'e52b1be057*'
System info: os.name: 'Windows 11', os.arch: 'amd64', os.version: '10.0', java.version: '11.0.20'
Driver info: org.openqa.selenium.chrome.ChromeDriver
Capabilities {acceptInsecureCerts: false, browserName: chrome, browserVersion: 121.0.6167.161, chrome: {chromedriverVersion: 121.0.6167.85 (3f98d690ad7e..., userDataDir: C:\Users\PORTIS~1\AppData\L...}, fedcm:accounts: true, goog:chromeOptions: {debuggerAddress: localhost:55231}, networkConnectionEnabled: false, pageLoadStrategy: normal, platformName: windows, proxy: Proxy(), se:cdp: ws://localhost:55231/devtoo..., se:cdpVersion: 121.0.6167.161, setWindowRect: true, strictFileInteractability: false, timeouts: {implicit: 0, pageLoad: 300000, script: 30000}, unhandledPromptBehavior: dismiss and notify, webauthn:extension:credBlob: true, webauthn:extension:largeBlob: true, webauthn:extension:minPinLength: true, webauthn:extension:prf: true, webauthn:virtualAuthenticators: true}
Session ID: 52a6f25921b2c21d074138a079296c9b
	at org.openqa.selenium.support.ui.WebDriverWait.timeoutException(WebDriverWait.java:84)
	at org.openqa.selenium.support.ui.FluentWait.until(FluentWait.java:228)
	at allcom_testng.pages.BasePage.type(BasePage.java:70)
	at allcom_testng.tests.header.SearchBoxTests.validateSearchWithIncorrectData(SearchBoxTests.java:126)
	at java.base/jdk.internal.reflect.NativeMethodAccessorImpl.invoke0(Native Method)
	at java.base/jdk.internal.reflect.NativeMethodAccessorImpl.invoke(NativeMethodAccessorImpl.java:62)
	at java.base/jdk.internal.reflect.DelegatingMethodAccessorImpl.invoke(DelegatingMethodAccessorImpl.java:43)
	at java.base/java.lang.reflect.Method.invoke(Method.java:566)
	at org.testng.internal.invokers.MethodInvocationHelper.invokeMethod(MethodInvocationHelper.java:139)
	at org.testng.internal.invokers.TestInvoker.invokeMethod(TestInvoker.java:664)
	at org.testng.internal.invokers.TestInvoker.invokeTestMethod(TestInvoker.java:228)
	at org.testng.internal.invokers.MethodRunner.runInSequence(MethodRunner.java:63)
	at org.testng.internal.invokers.TestInvoker$MethodInvocationAgent.invoke(TestInvoker.java:961)
	at org.testng.internal.invokers.TestInvoker.invokeTestMethods(TestInvoker.java:201)
	at org.testng.internal.invokers.TestMethodWorker.invokeTestMethods(TestMethodWorker.java:148)
	at org.testng.internal.invokers.TestMethodWorker.run(TestMethodWorker.java:128)
	at java.base/java.util.ArrayList.forEach(ArrayList.java:1541)
	at org.testng.TestRunner.privateRun(TestRunner.java:819)
	at org.testng.TestRunner.run(TestRunner.java:619)
	at org.testng.SuiteRunner.runTest(SuiteRunner.java:443)
	at org.testng.SuiteRunner.runSequentially(SuiteRunner.java:437)
	at org.testng.SuiteRunner.privateRun(SuiteRunner.java:397)
	at org.testng.SuiteRunner.run(SuiteRunner.java:336)
	at org.testng.SuiteRunnerWorker.runSuite(SuiteRunnerWorker.java:52)
	at org.testng.SuiteRunnerWorker.run(SuiteRunnerWorker.java:95)
	at org.testng.TestNG.runSuitesSequentially(TestNG.java:1301)
	at org.testng.TestNG.runSuitesLocally(TestNG.java:1228)
	at org.testng.TestNG.runSuites(TestNG.java:1134)
	at org.testng.TestNG.run(TestNG.java:1101)
	at org.gradle.api.internal.tasks.testing.testng.TestNGTestClassProcessor.runTests(TestNGTestClassProcessor.java:148)
	at org.gradle.api.internal.tasks.testing.testng.TestNGTestClassProcessor.stop(TestNGTestClassProcessor.java:95)
	at org.gradle.api.internal.tasks.testing.SuiteTestClassProcessor.stop(SuiteTestClassProcessor.java:62)
	at java.base/jdk.internal.reflect.NativeMethodAccessorImpl.invoke0(Native Method)
	at java.base/jdk.internal.reflect.NativeMethodAccessorImpl.invoke(NativeMethodAccessorImpl.java:62)
	at java.base/jdk.internal.reflect.DelegatingMethodAccessorImpl.invoke(DelegatingMethodAccessorImpl.java:43)
	at java.base/java.lang.reflect.Method.invoke(Method.java:566)
	at org.gradle.internal.dispatch.ReflectionDispatch.dispatch(ReflectionDispatch.java:36)
	at org.gradle.internal.dispatch.ReflectionDispatch.dispatch(ReflectionDispatch.java:24)
	at org.gradle.internal.dispatch.ContextClassLoaderDispatch.dispatch(ContextClassLoaderDispatch.java:33)
	at org.gradle.internal.dispatch.ProxyDispatchAdapter$DispatchingInvocationHandler.invoke(ProxyDispatchAdapter.java:94)
	at com.sun.proxy.$Proxy2.stop(Unknown Source)
	at org.gradle.api.internal.tasks.testing.worker.TestWorker$3.run(TestWorker.java:193)
	at org.gradle.api.internal.tasks.testing.worker.TestWorker.executeAndMaintainThreadName(TestWorker.java:129)
	at org.gradle.api.internal.tasks.testing.worker.TestWorker.execute(TestWorker.java:100)
	at org.gradle.api.internal.tasks.testing.worker.TestWorker.execute(TestWorker.java:60)
	at org.gradle.process.internal.worker.child.ActionExecutionWorker.execute(ActionExecutionWorker.java:56)
	at org.gradle.process.internal.worker.child.SystemApplicationClassLoaderWorker.call(SystemApplicationClassLoaderWorker.java:113)
	at org.gradle.process.internal.worker.child.SystemApplicationClassLoaderWorker.call(SystemApplicationClassLoaderWorker.java:65)
	at worker.org.gradle.process.internal.worker.GradleWorkerMain.run(GradleWorkerMain.java:69)
	at worker.org.gradle.process.internal.worker.GradleWorkerMain.main(GradleWorkerMain.java:74)
10:47:16.492 [Test worker] ERROR allcom_testng.tests.TestBase -- ERROR TEST SCREENSHOT: C:\Users\PORTISHEAD\Desktop\ALLCOM\allcom_qa\src\screenshots\screenshot_error_303826.png
10:47:16.492 [Test worker] INFO  allcom_testng.tests.TestBase -- [==================================================================================================]
10:47:16.493 [Test worker] INFO  allcom_testng.tests.TestBase -- Start test: [validateSearchWithIncorrectData]
</pre>
</span>
</div>
</div>
<div id="footer">
<p>
<div>
<label class="hidden" id="label-for-line-wrapping-toggle" for="line-wrapping-toggle">Wrap lines
<input id="line-wrapping-toggle" type="checkbox" autocomplete="off"/>
</label>
</div>Generated by 
<a href="http://www.gradle.org">Gradle 8.6</a> at 8 февр. 2024 г., 10:47:17</p>
</div>
</div>
</body>
</html>
