2578 [Test worker] INFO  allcom.tests.TestBase -- Start test: [clickAboutUsLink]
3000 [Test worker] INFO  allcom.tests.TestBase -- PASSED: [clickAboutUsLink], with Parameters: []
3001 [Test worker] INFO  allcom.tests.TestBase -- Start test: [clickAllcomBottomLink]
3156 [Test worker] INFO  allcom.tests.TestBase -- PASSED: [clickAllcomBottomLink], with Parameters: []
3157 [Test worker] INFO  allcom.tests.TestBase -- Start test: [clickContactLink]
3422 [Test worker] INFO  allcom.tests.TestBase -- PASSED: [clickContactLink], with Parameters: []
3424 [Test worker] INFO  allcom.tests.TestBase -- Start test: [clickFacebookLink]
3632 [Test worker] ERROR allcom.tests.TestBase -- ERROR FAILED TEST: [clickFacebookLink], with Parameters: []
3633 [Test worker] ERROR allcom.tests.TestBase -- ERROR TEST MESSAGE: null
3931 [Test worker] ERROR allcom.tests.TestBase -- ERROR TEST SCREENSHOT: C:\Users\PORTISHEAD\Desktop\ALLCOM\allcom_qa\src\screenshots\screenshot_error_137329.png
3932 [Test worker] INFO  allcom.tests.TestBase -- [==================================================================================================]
3934 [Test worker] INFO  allcom.tests.TestBase -- Start test: [clickFavoritesAuctionsLink]
4250 [Test worker] INFO  allcom.tests.TestBase -- PASSED: [clickFavoritesAuctionsLink], with Parameters: []
4252 [Test worker] INFO  allcom.tests.TestBase -- Start test: [clickInstagramLink]
5576 [Test worker] INFO  allcom.tests.TestBase -- PASSED: [clickInstagramLink], with Parameters: []
5577 [Test worker] INFO  allcom.tests.TestBase -- Start test: [clickLoginLink]
6190 [Test worker] INFO  allcom.tests.TestBase -- PASSED: [clickLoginLink], with Parameters: []
6191 [Test worker] INFO  allcom.tests.TestBase -- Start test: [clickMyAccountLink]
6452 [Test worker] INFO  allcom.tests.TestBase -- PASSED: [clickMyAccountLink], with Parameters: []
6453 [Test worker] INFO  allcom.tests.TestBase -- Start test: [clickMyAuctionsLink]
6735 [Test worker] INFO  allcom.tests.TestBase -- PASSED: [clickMyAuctionsLink], with Parameters: []
6736 [Test worker] INFO  allcom.tests.TestBase -- Start test: [clickPortfolioLink]
7030 [Test worker] INFO  allcom.tests.TestBase -- PASSED: [clickPortfolioLink], with Parameters: []
7031 [Test worker] INFO  allcom.tests.TestBase -- Start test: [clickPrivacyPolicyLink]
7346 [Test worker] INFO  allcom.tests.TestBase -- PASSED: [clickPrivacyPolicyLink], with Parameters: []
7348 [Test worker] INFO  allcom.tests.TestBase -- Start test: [clickRegisterLink]
7643 [Test worker] INFO  allcom.tests.TestBase -- PASSED: [clickRegisterLink], with Parameters: []
7645 [Test worker] INFO  allcom.tests.TestBase -- Start test: [clickTwitterLink]
8849 [Test worker] ERROR allcom.tests.TestBase -- ERROR FAILED TEST: [clickTwitterLink], with Parameters: []
8849 [Test worker] ERROR allcom.tests.TestBase -- ERROR TEST MESSAGE: element click intercepted: Element is not clickable at point (1005, 1566)
  (Session info: chrome=121.0.6167.86)
Build info: version: '4.17.0', revision: 'e52b1be057*'
System info: os.name: 'Windows 11', os.arch: 'amd64', os.version: '10.0', java.version: '11.0.20'
Driver info: org.openqa.selenium.chrome.ChromeDriver
Command: [ffacaeff591a0fbe21b3dce1bc81e351, clickElement {id=5584F75D751374A0584B4FB2F4B683C7_element_604}]
Capabilities {acceptInsecureCerts: false, browserName: chrome, browserVersion: 121.0.6167.86, chrome: {chromedriverVersion: 121.0.6167.85 (3f98d690ad7e..., userDataDir: C:\Windows\SystemTemp\scope...}, fedcm:accounts: true, goog:chromeOptions: {debuggerAddress: localhost:25400}, networkConnectionEnabled: false, pageLoadStrategy: normal, platformName: windows, proxy: Proxy(), se:cdp: ws://localhost:25400/devtoo..., se:cdpVersion: 121.0.6167.86, setWindowRect: true, strictFileInteractability: false, timeouts: {implicit: 0, pageLoad: 300000, script: 30000}, unhandledPromptBehavior: dismiss and notify, webauthn:extension:credBlob: true, webauthn:extension:largeBlob: true, webauthn:extension:minPinLength: true, webauthn:extension:prf: true, webauthn:virtualAuthenticators: true}
Element: [[ChromeDriver: chrome on windows (ffacaeff591a0fbe21b3dce1bc81e351)] -> xpath: //*[@data-testid='link_Allcom_home']]
Session ID: ffacaeff591a0fbe21b3dce1bc81e351
9189 [Test worker] ERROR allcom.tests.TestBase -- ERROR TEST SCREENSHOT: C:\Users\PORTISHEAD\Desktop\ALLCOM\allcom_qa\src\screenshots\screenshot_error_137381.png
9189 [Test worker] INFO  allcom.tests.TestBase -- [==================================================================================================]
9191 [Test worker] INFO  allcom.tests.TestBase -- Start test: [clickYoutubeLink]
9440 [Test worker] ERROR allcom.tests.TestBase -- ERROR FAILED TEST: [clickYoutubeLink], with Parameters: []
9440 [Test worker] ERROR allcom.tests.TestBase -- ERROR TEST MESSAGE: Current page status does not match the expected status expected [true] but found [false]
9757 [Test worker] ERROR allcom.tests.TestBase -- ERROR TEST SCREENSHOT: C:\Users\PORTISHEAD\Desktop\ALLCOM\allcom_qa\src\screenshots\screenshot_error_137387.png
9757 [Test worker] INFO  allcom.tests.TestBase -- [==================================================================================================]
